
2022-12-15 13:54:01
[ERROR]-[Thread: XNIO-1 I/O-2]-[io.undertow.server.Connectors.executeRootHandler()]: UT005071: Undertow request failed HttpServerExchange{ CONNECT aestheticdr.com:11323}
java.lang.IllegalArgumentException: UT000068: Servlet path match failed
	at io.undertow.servlet.handlers.ServletPathMatchesData.getServletHandlerByPath(ServletPathMatchesData.java:83)
	at io.undertow.servlet.handlers.ServletPathMatches.getServletHandlerByPath(ServletPathMatches.java:133)
	at io.undertow.servlet.handlers.ServletInitialHandler.handleRequest(ServletInitialHandler.java:147)
	at io.undertow.server.handlers.HttpContinueReadHandler.handleRequest(HttpContinueReadHandler.java:69)
	at io.undertow.server.handlers.PathHandler.handleRequest(PathHandler.java:104)
	at io.undertow.server.handlers.encoding.EncodingHandler.handleRequest(EncodingHandler.java:66)
	at io.undertow.server.handlers.SetHeaderHandler.handleRequest(SetHeaderHandler.java:90)
	at io.undertow.server.Connectors.executeRootHandler(Connectors.java:387)
	at io.undertow.server.protocol.http.HttpReadListener.handleEventWithNoRunningRequest(HttpReadListener.java:256)
	at io.undertow.server.protocol.http.HttpReadListener.handleEvent(HttpReadListener.java:136)
	at io.undertow.server.protocol.http.HttpOpenListener.handleEvent(HttpOpenListener.java:162)
	at io.undertow.server.protocol.http.HttpOpenListener.handleEvent(HttpOpenListener.java:100)
	at io.undertow.server.protocol.http.HttpOpenListener.handleEvent(HttpOpenListener.java:57)
	at org.xnio.ChannelListeners.invokeChannelListener(ChannelListeners.java:92)
	at org.xnio.ChannelListeners$10.handleEvent(ChannelListeners.java:291)
	at org.xnio.ChannelListeners$10.handleEvent(ChannelListeners.java:286)
	at org.xnio.ChannelListeners.invokeChannelListener(ChannelListeners.java:92)
	at org.xnio.nio.QueuedNioTcpServer2.acceptTask(QueuedNioTcpServer2.java:178)
	at org.xnio.nio.WorkerThread.safeRun(WorkerThread.java:612)
	at org.xnio.nio.WorkerThread.run(WorkerThread.java:479)

2022-12-15 13:54:10
[ERROR]-[Thread: XNIO-1 I/O-2]-[io.undertow.server.Connectors.executeRootHandler()]: UT005071: Undertow request failed HttpServerExchange{ CONNECT baodautucamranh.com:34034}
java.lang.IllegalArgumentException: UT000068: Servlet path match failed
	at io.undertow.servlet.handlers.ServletPathMatchesData.getServletHandlerByPath(ServletPathMatchesData.java:83)
	at io.undertow.servlet.handlers.ServletPathMatches.getServletHandlerByPath(ServletPathMatches.java:133)
	at io.undertow.servlet.handlers.ServletInitialHandler.handleRequest(ServletInitialHandler.java:147)
	at io.undertow.server.handlers.HttpContinueReadHandler.handleRequest(HttpContinueReadHandler.java:69)
	at io.undertow.server.handlers.PathHandler.handleRequest(PathHandler.java:104)
	at io.undertow.server.handlers.encoding.EncodingHandler.handleRequest(EncodingHandler.java:66)
	at io.undertow.server.handlers.SetHeaderHandler.handleRequest(SetHeaderHandler.java:90)
	at io.undertow.server.Connectors.executeRootHandler(Connectors.java:387)
	at io.undertow.server.protocol.http.HttpReadListener.handleEventWithNoRunningRequest(HttpReadListener.java:256)
	at io.undertow.server.protocol.http.HttpReadListener.handleEvent(HttpReadListener.java:136)
	at io.undertow.server.protocol.http.HttpOpenListener.handleEvent(HttpOpenListener.java:162)
	at io.undertow.server.protocol.http.HttpOpenListener.handleEvent(HttpOpenListener.java:100)
	at io.undertow.server.protocol.http.HttpOpenListener.handleEvent(HttpOpenListener.java:57)
	at org.xnio.ChannelListeners.invokeChannelListener(ChannelListeners.java:92)
	at org.xnio.ChannelListeners$10.handleEvent(ChannelListeners.java:291)
	at org.xnio.ChannelListeners$10.handleEvent(ChannelListeners.java:286)
	at org.xnio.ChannelListeners.invokeChannelListener(ChannelListeners.java:92)
	at org.xnio.nio.QueuedNioTcpServer2.acceptTask(QueuedNioTcpServer2.java:178)
	at org.xnio.nio.WorkerThread.safeRun(WorkerThread.java:612)
	at org.xnio.nio.WorkerThread.run(WorkerThread.java:479)

2022-12-15 13:54:13
[ERROR]-[Thread: XNIO-1 I/O-1]-[io.undertow.server.Connectors.executeRootHandler()]: UT005071: Undertow request failed HttpServerExchange{ CONNECT athomewithnatalie.com:45332}
java.lang.IllegalArgumentException: UT000068: Servlet path match failed
	at io.undertow.servlet.handlers.ServletPathMatchesData.getServletHandlerByPath(ServletPathMatchesData.java:83)
	at io.undertow.servlet.handlers.ServletPathMatches.getServletHandlerByPath(ServletPathMatches.java:133)
	at io.undertow.servlet.handlers.ServletInitialHandler.handleRequest(ServletInitialHandler.java:147)
	at io.undertow.server.handlers.HttpContinueReadHandler.handleRequest(HttpContinueReadHandler.java:69)
	at io.undertow.server.handlers.PathHandler.handleRequest(PathHandler.java:104)
	at io.undertow.server.handlers.encoding.EncodingHandler.handleRequest(EncodingHandler.java:66)
	at io.undertow.server.handlers.SetHeaderHandler.handleRequest(SetHeaderHandler.java:90)
	at io.undertow.server.Connectors.executeRootHandler(Connectors.java:387)
	at io.undertow.server.protocol.http.HttpReadListener.handleEventWithNoRunningRequest(HttpReadListener.java:256)
	at io.undertow.server.protocol.http.HttpReadListener.handleEvent(HttpReadListener.java:136)
	at io.undertow.server.protocol.http.HttpOpenListener.handleEvent(HttpOpenListener.java:162)
	at io.undertow.server.protocol.http.HttpOpenListener.handleEvent(HttpOpenListener.java:100)
	at io.undertow.server.protocol.http.HttpOpenListener.handleEvent(HttpOpenListener.java:57)
	at org.xnio.ChannelListeners.invokeChannelListener(ChannelListeners.java:92)
	at org.xnio.ChannelListeners$10.handleEvent(ChannelListeners.java:291)
	at org.xnio.ChannelListeners$10.handleEvent(ChannelListeners.java:286)
	at org.xnio.ChannelListeners.invokeChannelListener(ChannelListeners.java:92)
	at org.xnio.nio.QueuedNioTcpServer2.acceptTask(QueuedNioTcpServer2.java:178)
	at org.xnio.nio.WorkerThread.safeRun(WorkerThread.java:612)
	at org.xnio.nio.WorkerThread.run(WorkerThread.java:479)

2022-12-15 13:54:16
[ERROR]-[Thread: XNIO-1 I/O-1]-[io.undertow.server.Connectors.executeRootHandler()]: UT005071: Undertow request failed HttpServerExchange{ CONNECT cran.na:54945}
java.lang.IllegalArgumentException: UT000068: Servlet path match failed
	at io.undertow.servlet.handlers.ServletPathMatchesData.getServletHandlerByPath(ServletPathMatchesData.java:83)
	at io.undertow.servlet.handlers.ServletPathMatches.getServletHandlerByPath(ServletPathMatches.java:133)
	at io.undertow.servlet.handlers.ServletInitialHandler.handleRequest(ServletInitialHandler.java:147)
	at io.undertow.server.handlers.HttpContinueReadHandler.handleRequest(HttpContinueReadHandler.java:69)
	at io.undertow.server.handlers.PathHandler.handleRequest(PathHandler.java:104)
	at io.undertow.server.handlers.encoding.EncodingHandler.handleRequest(EncodingHandler.java:66)
	at io.undertow.server.handlers.SetHeaderHandler.handleRequest(SetHeaderHandler.java:90)
	at io.undertow.server.Connectors.executeRootHandler(Connectors.java:387)
	at io.undertow.server.protocol.http.HttpReadListener.handleEventWithNoRunningRequest(HttpReadListener.java:256)
	at io.undertow.server.protocol.http.HttpReadListener.handleEvent(HttpReadListener.java:136)
	at io.undertow.server.protocol.http.HttpOpenListener.handleEvent(HttpOpenListener.java:162)
	at io.undertow.server.protocol.http.HttpOpenListener.handleEvent(HttpOpenListener.java:100)
	at io.undertow.server.protocol.http.HttpOpenListener.handleEvent(HttpOpenListener.java:57)
	at org.xnio.ChannelListeners.invokeChannelListener(ChannelListeners.java:92)
	at org.xnio.ChannelListeners$10.handleEvent(ChannelListeners.java:291)
	at org.xnio.ChannelListeners$10.handleEvent(ChannelListeners.java:286)
	at org.xnio.ChannelListeners.invokeChannelListener(ChannelListeners.java:92)
	at org.xnio.nio.QueuedNioTcpServer2.acceptTask(QueuedNioTcpServer2.java:178)
	at org.xnio.nio.WorkerThread.safeRun(WorkerThread.java:612)
	at org.xnio.nio.WorkerThread.run(WorkerThread.java:479)

2022-12-15 13:54:18
[ERROR]-[Thread: XNIO-1 I/O-1]-[io.undertow.server.Connectors.executeRootHandler()]: UT005071: Undertow request failed HttpServerExchange{ CONNECT avocat-sport.fr:37280}
java.lang.IllegalArgumentException: UT000068: Servlet path match failed
	at io.undertow.servlet.handlers.ServletPathMatchesData.getServletHandlerByPath(ServletPathMatchesData.java:83)
	at io.undertow.servlet.handlers.ServletPathMatches.getServletHandlerByPath(ServletPathMatches.java:133)
	at io.undertow.servlet.handlers.ServletInitialHandler.handleRequest(ServletInitialHandler.java:147)
	at io.undertow.server.handlers.HttpContinueReadHandler.handleRequest(HttpContinueReadHandler.java:69)
	at io.undertow.server.handlers.PathHandler.handleRequest(PathHandler.java:104)
	at io.undertow.server.handlers.encoding.EncodingHandler.handleRequest(EncodingHandler.java:66)
	at io.undertow.server.handlers.SetHeaderHandler.handleRequest(SetHeaderHandler.java:90)
	at io.undertow.server.Connectors.executeRootHandler(Connectors.java:387)
	at io.undertow.server.protocol.http.HttpReadListener.handleEventWithNoRunningRequest(HttpReadListener.java:256)
	at io.undertow.server.protocol.http.HttpReadListener.handleEvent(HttpReadListener.java:136)
	at io.undertow.server.protocol.http.HttpOpenListener.handleEvent(HttpOpenListener.java:162)
	at io.undertow.server.protocol.http.HttpOpenListener.handleEvent(HttpOpenListener.java:100)
	at io.undertow.server.protocol.http.HttpOpenListener.handleEvent(HttpOpenListener.java:57)
	at org.xnio.ChannelListeners.invokeChannelListener(ChannelListeners.java:92)
	at org.xnio.ChannelListeners$10.handleEvent(ChannelListeners.java:291)
	at org.xnio.ChannelListeners$10.handleEvent(ChannelListeners.java:286)
	at org.xnio.ChannelListeners.invokeChannelListener(ChannelListeners.java:92)
	at org.xnio.nio.QueuedNioTcpServer2.acceptTask(QueuedNioTcpServer2.java:178)
	at org.xnio.nio.WorkerThread.safeRun(WorkerThread.java:612)
	at org.xnio.nio.WorkerThread.run(WorkerThread.java:479)

2022-12-15 13:54:20
[ERROR]-[Thread: XNIO-1 I/O-2]-[io.undertow.server.Connectors.executeRootHandler()]: UT005071: Undertow request failed HttpServerExchange{ CONNECT blog.rafaeldohms.com.br:33459}
java.lang.IllegalArgumentException: UT000068: Servlet path match failed
	at io.undertow.servlet.handlers.ServletPathMatchesData.getServletHandlerByPath(ServletPathMatchesData.java:83)
	at io.undertow.servlet.handlers.ServletPathMatches.getServletHandlerByPath(ServletPathMatches.java:133)
	at io.undertow.servlet.handlers.ServletInitialHandler.handleRequest(ServletInitialHandler.java:147)
	at io.undertow.server.handlers.HttpContinueReadHandler.handleRequest(HttpContinueReadHandler.java:69)
	at io.undertow.server.handlers.PathHandler.handleRequest(PathHandler.java:104)
	at io.undertow.server.handlers.encoding.EncodingHandler.handleRequest(EncodingHandler.java:66)
	at io.undertow.server.handlers.SetHeaderHandler.handleRequest(SetHeaderHandler.java:90)
	at io.undertow.server.Connectors.executeRootHandler(Connectors.java:387)
	at io.undertow.server.protocol.http.HttpReadListener.handleEventWithNoRunningRequest(HttpReadListener.java:256)
	at io.undertow.server.protocol.http.HttpReadListener.handleEvent(HttpReadListener.java:136)
	at io.undertow.server.protocol.http.HttpReadListener.handleEvent(HttpReadListener.java:59)
	at org.xnio.ChannelListeners.invokeChannelListener(ChannelListeners.java:92)
	at org.xnio.conduits.ReadReadyHandler$ChannelListenerHandler.readReady(ReadReadyHandler.java:66)
	at org.xnio.nio.NioSocketConduit.handleReady(NioSocketConduit.java:89)
	at org.xnio.nio.WorkerThread.run(WorkerThread.java:591)

2022-12-15 13:54:22
[ERROR]-[Thread: XNIO-1 I/O-2]-[io.undertow.server.Connectors.executeRootHandler()]: UT005071: Undertow request failed HttpServerExchange{ CONNECT brownbagtech.com:18525}
java.lang.IllegalArgumentException: UT000068: Servlet path match failed
	at io.undertow.servlet.handlers.ServletPathMatchesData.getServletHandlerByPath(ServletPathMatchesData.java:83)
	at io.undertow.servlet.handlers.ServletPathMatches.getServletHandlerByPath(ServletPathMatches.java:133)
	at io.undertow.servlet.handlers.ServletInitialHandler.handleRequest(ServletInitialHandler.java:147)
	at io.undertow.server.handlers.HttpContinueReadHandler.handleRequest(HttpContinueReadHandler.java:69)
	at io.undertow.server.handlers.PathHandler.handleRequest(PathHandler.java:104)
	at io.undertow.server.handlers.encoding.EncodingHandler.handleRequest(EncodingHandler.java:66)
	at io.undertow.server.handlers.SetHeaderHandler.handleRequest(SetHeaderHandler.java:90)
	at io.undertow.server.Connectors.executeRootHandler(Connectors.java:387)
	at io.undertow.server.protocol.http.HttpReadListener.handleEventWithNoRunningRequest(HttpReadListener.java:256)
	at io.undertow.server.protocol.http.HttpReadListener.handleEvent(HttpReadListener.java:136)
	at io.undertow.server.protocol.http.HttpOpenListener.handleEvent(HttpOpenListener.java:162)
	at io.undertow.server.protocol.http.HttpOpenListener.handleEvent(HttpOpenListener.java:100)
	at io.undertow.server.protocol.http.HttpOpenListener.handleEvent(HttpOpenListener.java:57)
	at org.xnio.ChannelListeners.invokeChannelListener(ChannelListeners.java:92)
	at org.xnio.ChannelListeners$10.handleEvent(ChannelListeners.java:291)
	at org.xnio.ChannelListeners$10.handleEvent(ChannelListeners.java:286)
	at org.xnio.ChannelListeners.invokeChannelListener(ChannelListeners.java:92)
	at org.xnio.nio.QueuedNioTcpServer2.acceptTask(QueuedNioTcpServer2.java:178)
	at org.xnio.nio.WorkerThread.safeRun(WorkerThread.java:612)
	at org.xnio.nio.WorkerThread.run(WorkerThread.java:479)

2022-12-15 13:54:24
[ERROR]-[Thread: XNIO-1 I/O-2]-[io.undertow.server.Connectors.executeRootHandler()]: UT005071: Undertow request failed HttpServerExchange{ CONNECT cistsomag.com:52921}
java.lang.IllegalArgumentException: UT000068: Servlet path match failed
	at io.undertow.servlet.handlers.ServletPathMatchesData.getServletHandlerByPath(ServletPathMatchesData.java:83)
	at io.undertow.servlet.handlers.ServletPathMatches.getServletHandlerByPath(ServletPathMatches.java:133)
	at io.undertow.servlet.handlers.ServletInitialHandler.handleRequest(ServletInitialHandler.java:147)
	at io.undertow.server.handlers.HttpContinueReadHandler.handleRequest(HttpContinueReadHandler.java:69)
	at io.undertow.server.handlers.PathHandler.handleRequest(PathHandler.java:104)
	at io.undertow.server.handlers.encoding.EncodingHandler.handleRequest(EncodingHandler.java:66)
	at io.undertow.server.handlers.SetHeaderHandler.handleRequest(SetHeaderHandler.java:90)
	at io.undertow.server.Connectors.executeRootHandler(Connectors.java:387)
	at io.undertow.server.protocol.http.HttpReadListener.handleEventWithNoRunningRequest(HttpReadListener.java:256)
	at io.undertow.server.protocol.http.HttpReadListener.handleEvent(HttpReadListener.java:136)
	at io.undertow.server.protocol.http.HttpOpenListener.handleEvent(HttpOpenListener.java:162)
	at io.undertow.server.protocol.http.HttpOpenListener.handleEvent(HttpOpenListener.java:100)
	at io.undertow.server.protocol.http.HttpOpenListener.handleEvent(HttpOpenListener.java:57)
	at org.xnio.ChannelListeners.invokeChannelListener(ChannelListeners.java:92)
	at org.xnio.ChannelListeners$10.handleEvent(ChannelListeners.java:291)
	at org.xnio.ChannelListeners$10.handleEvent(ChannelListeners.java:286)
	at org.xnio.ChannelListeners.invokeChannelListener(ChannelListeners.java:92)
	at org.xnio.nio.QueuedNioTcpServer2.acceptTask(QueuedNioTcpServer2.java:178)
	at org.xnio.nio.WorkerThread.safeRun(WorkerThread.java:612)
	at org.xnio.nio.WorkerThread.run(WorkerThread.java:479)

2022-12-15 13:54:26
[ERROR]-[Thread: XNIO-1 I/O-1]-[io.undertow.server.Connectors.executeRootHandler()]: UT005071: Undertow request failed HttpServerExchange{ CONNECT asdfgh.xyz:43698}
java.lang.IllegalArgumentException: UT000068: Servlet path match failed
	at io.undertow.servlet.handlers.ServletPathMatchesData.getServletHandlerByPath(ServletPathMatchesData.java:83)
	at io.undertow.servlet.handlers.ServletPathMatches.getServletHandlerByPath(ServletPathMatches.java:133)
	at io.undertow.servlet.handlers.ServletInitialHandler.handleRequest(ServletInitialHandler.java:147)
	at io.undertow.server.handlers.HttpContinueReadHandler.handleRequest(HttpContinueReadHandler.java:69)
	at io.undertow.server.handlers.PathHandler.handleRequest(PathHandler.java:104)
	at io.undertow.server.handlers.encoding.EncodingHandler.handleRequest(EncodingHandler.java:66)
	at io.undertow.server.handlers.SetHeaderHandler.handleRequest(SetHeaderHandler.java:90)
	at io.undertow.server.Connectors.executeRootHandler(Connectors.java:387)
	at io.undertow.server.protocol.http.HttpReadListener.handleEventWithNoRunningRequest(HttpReadListener.java:256)
	at io.undertow.server.protocol.http.HttpReadListener.handleEvent(HttpReadListener.java:136)
	at io.undertow.server.protocol.http.HttpOpenListener.handleEvent(HttpOpenListener.java:162)
	at io.undertow.server.protocol.http.HttpOpenListener.handleEvent(HttpOpenListener.java:100)
	at io.undertow.server.protocol.http.HttpOpenListener.handleEvent(HttpOpenListener.java:57)
	at org.xnio.ChannelListeners.invokeChannelListener(ChannelListeners.java:92)
	at org.xnio.ChannelListeners$10.handleEvent(ChannelListeners.java:291)
	at org.xnio.ChannelListeners$10.handleEvent(ChannelListeners.java:286)
	at org.xnio.ChannelListeners.invokeChannelListener(ChannelListeners.java:92)
	at org.xnio.nio.QueuedNioTcpServer2.acceptTask(QueuedNioTcpServer2.java:178)
	at org.xnio.nio.WorkerThread.safeRun(WorkerThread.java:612)
	at org.xnio.nio.WorkerThread.run(WorkerThread.java:479)

2022-12-15 13:54:28
[ERROR]-[Thread: XNIO-1 I/O-2]-[io.undertow.server.Connectors.executeRootHandler()]: UT005071: Undertow request failed HttpServerExchange{ CONNECT blueoceandmcc.com:25205}
java.lang.IllegalArgumentException: UT000068: Servlet path match failed
	at io.undertow.servlet.handlers.ServletPathMatchesData.getServletHandlerByPath(ServletPathMatchesData.java:83)
	at io.undertow.servlet.handlers.ServletPathMatches.getServletHandlerByPath(ServletPathMatches.java:133)
	at io.undertow.servlet.handlers.ServletInitialHandler.handleRequest(ServletInitialHandler.java:147)
	at io.undertow.server.handlers.HttpContinueReadHandler.handleRequest(HttpContinueReadHandler.java:69)
	at io.undertow.server.handlers.PathHandler.handleRequest(PathHandler.java:104)
	at io.undertow.server.handlers.encoding.EncodingHandler.handleRequest(EncodingHandler.java:66)
	at io.undertow.server.handlers.SetHeaderHandler.handleRequest(SetHeaderHandler.java:90)
	at io.undertow.server.Connectors.executeRootHandler(Connectors.java:387)
	at io.undertow.server.protocol.http.HttpReadListener.handleEventWithNoRunningRequest(HttpReadListener.java:256)
	at io.undertow.server.protocol.http.HttpReadListener.handleEvent(HttpReadListener.java:136)
	at io.undertow.server.protocol.http.HttpOpenListener.handleEvent(HttpOpenListener.java:162)
	at io.undertow.server.protocol.http.HttpOpenListener.handleEvent(HttpOpenListener.java:100)
	at io.undertow.server.protocol.http.HttpOpenListener.handleEvent(HttpOpenListener.java:57)
	at org.xnio.ChannelListeners.invokeChannelListener(ChannelListeners.java:92)
	at org.xnio.ChannelListeners$10.handleEvent(ChannelListeners.java:291)
	at org.xnio.ChannelListeners$10.handleEvent(ChannelListeners.java:286)
	at org.xnio.ChannelListeners.invokeChannelListener(ChannelListeners.java:92)
	at org.xnio.nio.QueuedNioTcpServer2.acceptTask(QueuedNioTcpServer2.java:178)
	at org.xnio.nio.WorkerThread.safeRun(WorkerThread.java:612)
	at org.xnio.nio.WorkerThread.run(WorkerThread.java:479)

2022-12-15 13:54:30
[ERROR]-[Thread: XNIO-1 I/O-2]-[io.undertow.server.Connectors.executeRootHandler()]: UT005071: Undertow request failed HttpServerExchange{ CONNECT blackmountainglass.com:41775}
java.lang.IllegalArgumentException: UT000068: Servlet path match failed
	at io.undertow.servlet.handlers.ServletPathMatchesData.getServletHandlerByPath(ServletPathMatchesData.java:83)
	at io.undertow.servlet.handlers.ServletPathMatches.getServletHandlerByPath(ServletPathMatches.java:133)
	at io.undertow.servlet.handlers.ServletInitialHandler.handleRequest(ServletInitialHandler.java:147)
	at io.undertow.server.handlers.HttpContinueReadHandler.handleRequest(HttpContinueReadHandler.java:69)
	at io.undertow.server.handlers.PathHandler.handleRequest(PathHandler.java:104)
	at io.undertow.server.handlers.encoding.EncodingHandler.handleRequest(EncodingHandler.java:66)
	at io.undertow.server.handlers.SetHeaderHandler.handleRequest(SetHeaderHandler.java:90)
	at io.undertow.server.Connectors.executeRootHandler(Connectors.java:387)
	at io.undertow.server.protocol.http.HttpReadListener.handleEventWithNoRunningRequest(HttpReadListener.java:256)
	at io.undertow.server.protocol.http.HttpReadListener.handleEvent(HttpReadListener.java:136)
	at io.undertow.server.protocol.http.HttpOpenListener.handleEvent(HttpOpenListener.java:162)
	at io.undertow.server.protocol.http.HttpOpenListener.handleEvent(HttpOpenListener.java:100)
	at io.undertow.server.protocol.http.HttpOpenListener.handleEvent(HttpOpenListener.java:57)
	at org.xnio.ChannelListeners.invokeChannelListener(ChannelListeners.java:92)
	at org.xnio.ChannelListeners$10.handleEvent(ChannelListeners.java:291)
	at org.xnio.ChannelListeners$10.handleEvent(ChannelListeners.java:286)
	at org.xnio.ChannelListeners.invokeChannelListener(ChannelListeners.java:92)
	at org.xnio.nio.QueuedNioTcpServer2.acceptTask(QueuedNioTcpServer2.java:178)
	at org.xnio.nio.WorkerThread.safeRun(WorkerThread.java:612)
	at org.xnio.nio.WorkerThread.run(WorkerThread.java:479)

2022-12-15 13:54:32
[ERROR]-[Thread: XNIO-1 I/O-2]-[io.undertow.server.Connectors.executeRootHandler()]: UT005071: Undertow request failed HttpServerExchange{ CONNECT btersago.com:57503}
java.lang.IllegalArgumentException: UT000068: Servlet path match failed
	at io.undertow.servlet.handlers.ServletPathMatchesData.getServletHandlerByPath(ServletPathMatchesData.java:83)
	at io.undertow.servlet.handlers.ServletPathMatches.getServletHandlerByPath(ServletPathMatches.java:133)
	at io.undertow.servlet.handlers.ServletInitialHandler.handleRequest(ServletInitialHandler.java:147)
	at io.undertow.server.handlers.HttpContinueReadHandler.handleRequest(HttpContinueReadHandler.java:69)
	at io.undertow.server.handlers.PathHandler.handleRequest(PathHandler.java:104)
	at io.undertow.server.handlers.encoding.EncodingHandler.handleRequest(EncodingHandler.java:66)
	at io.undertow.server.handlers.SetHeaderHandler.handleRequest(SetHeaderHandler.java:90)
	at io.undertow.server.Connectors.executeRootHandler(Connectors.java:387)
	at io.undertow.server.protocol.http.HttpReadListener.handleEventWithNoRunningRequest(HttpReadListener.java:256)
	at io.undertow.server.protocol.http.HttpReadListener.handleEvent(HttpReadListener.java:136)
	at io.undertow.server.protocol.http.HttpOpenListener.handleEvent(HttpOpenListener.java:162)
	at io.undertow.server.protocol.http.HttpOpenListener.handleEvent(HttpOpenListener.java:100)
	at io.undertow.server.protocol.http.HttpOpenListener.handleEvent(HttpOpenListener.java:57)
	at org.xnio.ChannelListeners.invokeChannelListener(ChannelListeners.java:92)
	at org.xnio.ChannelListeners$10.handleEvent(ChannelListeners.java:291)
	at org.xnio.ChannelListeners$10.handleEvent(ChannelListeners.java:286)
	at org.xnio.ChannelListeners.invokeChannelListener(ChannelListeners.java:92)
	at org.xnio.nio.QueuedNioTcpServer2.acceptTask(QueuedNioTcpServer2.java:178)
	at org.xnio.nio.WorkerThread.safeRun(WorkerThread.java:612)
	at org.xnio.nio.WorkerThread.run(WorkerThread.java:479)

2022-12-15 13:54:34
[ERROR]-[Thread: XNIO-1 I/O-1]-[io.undertow.server.Connectors.executeRootHandler()]: UT005071: Undertow request failed HttpServerExchange{ CONNECT beachluxury4me.com:43979}
java.lang.IllegalArgumentException: UT000068: Servlet path match failed
	at io.undertow.servlet.handlers.ServletPathMatchesData.getServletHandlerByPath(ServletPathMatchesData.java:83)
	at io.undertow.servlet.handlers.ServletPathMatches.getServletHandlerByPath(ServletPathMatches.java:133)
	at io.undertow.servlet.handlers.ServletInitialHandler.handleRequest(ServletInitialHandler.java:147)
	at io.undertow.server.handlers.HttpContinueReadHandler.handleRequest(HttpContinueReadHandler.java:69)
	at io.undertow.server.handlers.PathHandler.handleRequest(PathHandler.java:104)
	at io.undertow.server.handlers.encoding.EncodingHandler.handleRequest(EncodingHandler.java:66)
	at io.undertow.server.handlers.SetHeaderHandler.handleRequest(SetHeaderHandler.java:90)
	at io.undertow.server.Connectors.executeRootHandler(Connectors.java:387)
	at io.undertow.server.protocol.http.HttpReadListener.handleEventWithNoRunningRequest(HttpReadListener.java:256)
	at io.undertow.server.protocol.http.HttpReadListener.handleEvent(HttpReadListener.java:136)
	at io.undertow.server.protocol.http.HttpOpenListener.handleEvent(HttpOpenListener.java:162)
	at io.undertow.server.protocol.http.HttpOpenListener.handleEvent(HttpOpenListener.java:100)
	at io.undertow.server.protocol.http.HttpOpenListener.handleEvent(HttpOpenListener.java:57)
	at org.xnio.ChannelListeners.invokeChannelListener(ChannelListeners.java:92)
	at org.xnio.ChannelListeners$10.handleEvent(ChannelListeners.java:291)
	at org.xnio.ChannelListeners$10.handleEvent(ChannelListeners.java:286)
	at org.xnio.ChannelListeners.invokeChannelListener(ChannelListeners.java:92)
	at org.xnio.nio.QueuedNioTcpServer2.acceptTask(QueuedNioTcpServer2.java:178)
	at org.xnio.nio.WorkerThread.safeRun(WorkerThread.java:612)
	at org.xnio.nio.WorkerThread.run(WorkerThread.java:479)

2022-12-15 13:54:36
[ERROR]-[Thread: XNIO-1 I/O-2]-[io.undertow.server.Connectors.executeRootHandler()]: UT005071: Undertow request failed HttpServerExchange{ CONNECT avedesk.org:31996}
java.lang.IllegalArgumentException: UT000068: Servlet path match failed
	at io.undertow.servlet.handlers.ServletPathMatchesData.getServletHandlerByPath(ServletPathMatchesData.java:83)
	at io.undertow.servlet.handlers.ServletPathMatches.getServletHandlerByPath(ServletPathMatches.java:133)
	at io.undertow.servlet.handlers.ServletInitialHandler.handleRequest(ServletInitialHandler.java:147)
	at io.undertow.server.handlers.HttpContinueReadHandler.handleRequest(HttpContinueReadHandler.java:69)
	at io.undertow.server.handlers.PathHandler.handleRequest(PathHandler.java:104)
	at io.undertow.server.handlers.encoding.EncodingHandler.handleRequest(EncodingHandler.java:66)
	at io.undertow.server.handlers.SetHeaderHandler.handleRequest(SetHeaderHandler.java:90)
	at io.undertow.server.Connectors.executeRootHandler(Connectors.java:387)
	at io.undertow.server.protocol.http.HttpReadListener.handleEventWithNoRunningRequest(HttpReadListener.java:256)
	at io.undertow.server.protocol.http.HttpReadListener.handleEvent(HttpReadListener.java:136)
	at io.undertow.server.protocol.http.HttpOpenListener.handleEvent(HttpOpenListener.java:162)
	at io.undertow.server.protocol.http.HttpOpenListener.handleEvent(HttpOpenListener.java:100)
	at io.undertow.server.protocol.http.HttpOpenListener.handleEvent(HttpOpenListener.java:57)
	at org.xnio.ChannelListeners.invokeChannelListener(ChannelListeners.java:92)
	at org.xnio.ChannelListeners$10.handleEvent(ChannelListeners.java:291)
	at org.xnio.ChannelListeners$10.handleEvent(ChannelListeners.java:286)
	at org.xnio.ChannelListeners.invokeChannelListener(ChannelListeners.java:92)
	at org.xnio.nio.QueuedNioTcpServer2.acceptTask(QueuedNioTcpServer2.java:178)
	at org.xnio.nio.WorkerThread.safeRun(WorkerThread.java:612)
	at org.xnio.nio.WorkerThread.run(WorkerThread.java:479)

2022-12-15 13:54:39
[ERROR]-[Thread: XNIO-1 I/O-2]-[io.undertow.server.Connectors.executeRootHandler()]: UT005071: Undertow request failed HttpServerExchange{ CONNECT colunanoticiasdoflamengo.com.br:49697}
java.lang.IllegalArgumentException: UT000068: Servlet path match failed
	at io.undertow.servlet.handlers.ServletPathMatchesData.getServletHandlerByPath(ServletPathMatchesData.java:83)
	at io.undertow.servlet.handlers.ServletPathMatches.getServletHandlerByPath(ServletPathMatches.java:133)
	at io.undertow.servlet.handlers.ServletInitialHandler.handleRequest(ServletInitialHandler.java:147)
	at io.undertow.server.handlers.HttpContinueReadHandler.handleRequest(HttpContinueReadHandler.java:69)
	at io.undertow.server.handlers.PathHandler.handleRequest(PathHandler.java:104)
	at io.undertow.server.handlers.encoding.EncodingHandler.handleRequest(EncodingHandler.java:66)
	at io.undertow.server.handlers.SetHeaderHandler.handleRequest(SetHeaderHandler.java:90)
	at io.undertow.server.Connectors.executeRootHandler(Connectors.java:387)
	at io.undertow.server.protocol.http.HttpReadListener.handleEventWithNoRunningRequest(HttpReadListener.java:256)
	at io.undertow.server.protocol.http.HttpReadListener.handleEvent(HttpReadListener.java:136)
	at io.undertow.server.protocol.http.HttpOpenListener.handleEvent(HttpOpenListener.java:162)
	at io.undertow.server.protocol.http.HttpOpenListener.handleEvent(HttpOpenListener.java:100)
	at io.undertow.server.protocol.http.HttpOpenListener.handleEvent(HttpOpenListener.java:57)
	at org.xnio.ChannelListeners.invokeChannelListener(ChannelListeners.java:92)
	at org.xnio.ChannelListeners$10.handleEvent(ChannelListeners.java:291)
	at org.xnio.ChannelListeners$10.handleEvent(ChannelListeners.java:286)
	at org.xnio.ChannelListeners.invokeChannelListener(ChannelListeners.java:92)
	at org.xnio.nio.QueuedNioTcpServer2.acceptTask(QueuedNioTcpServer2.java:178)
	at org.xnio.nio.WorkerThread.safeRun(WorkerThread.java:612)
	at org.xnio.nio.WorkerThread.run(WorkerThread.java:479)

2022-12-15 13:54:43
[ERROR]-[Thread: XNIO-1 I/O-2]-[io.undertow.server.Connectors.executeRootHandler()]: UT005071: Undertow request failed HttpServerExchange{ CONNECT choose-life.org:46281}
java.lang.IllegalArgumentException: UT000068: Servlet path match failed
	at io.undertow.servlet.handlers.ServletPathMatchesData.getServletHandlerByPath(ServletPathMatchesData.java:83)
	at io.undertow.servlet.handlers.ServletPathMatches.getServletHandlerByPath(ServletPathMatches.java:133)
	at io.undertow.servlet.handlers.ServletInitialHandler.handleRequest(ServletInitialHandler.java:147)
	at io.undertow.server.handlers.HttpContinueReadHandler.handleRequest(HttpContinueReadHandler.java:69)
	at io.undertow.server.handlers.PathHandler.handleRequest(PathHandler.java:104)
	at io.undertow.server.handlers.encoding.EncodingHandler.handleRequest(EncodingHandler.java:66)
	at io.undertow.server.handlers.SetHeaderHandler.handleRequest(SetHeaderHandler.java:90)
	at io.undertow.server.Connectors.executeRootHandler(Connectors.java:387)
	at io.undertow.server.protocol.http.HttpReadListener.handleEventWithNoRunningRequest(HttpReadListener.java:256)
	at io.undertow.server.protocol.http.HttpReadListener.handleEvent(HttpReadListener.java:136)
	at io.undertow.server.protocol.http.HttpOpenListener.handleEvent(HttpOpenListener.java:162)
	at io.undertow.server.protocol.http.HttpOpenListener.handleEvent(HttpOpenListener.java:100)
	at io.undertow.server.protocol.http.HttpOpenListener.handleEvent(HttpOpenListener.java:57)
	at org.xnio.ChannelListeners.invokeChannelListener(ChannelListeners.java:92)
	at org.xnio.ChannelListeners$10.handleEvent(ChannelListeners.java:291)
	at org.xnio.ChannelListeners$10.handleEvent(ChannelListeners.java:286)
	at org.xnio.ChannelListeners.invokeChannelListener(ChannelListeners.java:92)
	at org.xnio.nio.QueuedNioTcpServer2.acceptTask(QueuedNioTcpServer2.java:178)
	at org.xnio.nio.WorkerThread.safeRun(WorkerThread.java:612)
	at org.xnio.nio.WorkerThread.run(WorkerThread.java:479)

2022-12-15 13:54:46
[ERROR]-[Thread: XNIO-1 I/O-1]-[io.undertow.server.Connectors.executeRootHandler()]: UT005071: Undertow request failed HttpServerExchange{ CONNECT bodegagdynia.pl:27784}
java.lang.IllegalArgumentException: UT000068: Servlet path match failed
	at io.undertow.servlet.handlers.ServletPathMatchesData.getServletHandlerByPath(ServletPathMatchesData.java:83)
	at io.undertow.servlet.handlers.ServletPathMatches.getServletHandlerByPath(ServletPathMatches.java:133)
	at io.undertow.servlet.handlers.ServletInitialHandler.handleRequest(ServletInitialHandler.java:147)
	at io.undertow.server.handlers.HttpContinueReadHandler.handleRequest(HttpContinueReadHandler.java:69)
	at io.undertow.server.handlers.PathHandler.handleRequest(PathHandler.java:104)
	at io.undertow.server.handlers.encoding.EncodingHandler.handleRequest(EncodingHandler.java:66)
	at io.undertow.server.handlers.SetHeaderHandler.handleRequest(SetHeaderHandler.java:90)
	at io.undertow.server.Connectors.executeRootHandler(Connectors.java:387)
	at io.undertow.server.protocol.http.HttpReadListener.handleEventWithNoRunningRequest(HttpReadListener.java:256)
	at io.undertow.server.protocol.http.HttpReadListener.handleEvent(HttpReadListener.java:136)
	at io.undertow.server.protocol.http.HttpOpenListener.handleEvent(HttpOpenListener.java:162)
	at io.undertow.server.protocol.http.HttpOpenListener.handleEvent(HttpOpenListener.java:100)
	at io.undertow.server.protocol.http.HttpOpenListener.handleEvent(HttpOpenListener.java:57)
	at org.xnio.ChannelListeners.invokeChannelListener(ChannelListeners.java:92)
	at org.xnio.ChannelListeners$10.handleEvent(ChannelListeners.java:291)
	at org.xnio.ChannelListeners$10.handleEvent(ChannelListeners.java:286)
	at org.xnio.ChannelListeners.invokeChannelListener(ChannelListeners.java:92)
	at org.xnio.nio.QueuedNioTcpServer2.acceptTask(QueuedNioTcpServer2.java:178)
	at org.xnio.nio.WorkerThread.safeRun(WorkerThread.java:612)
	at org.xnio.nio.WorkerThread.run(WorkerThread.java:479)

2022-12-15 13:54:48
[ERROR]-[Thread: XNIO-1 I/O-2]-[io.undertow.server.Connectors.executeRootHandler()]: UT005071: Undertow request failed HttpServerExchange{ CONNECT benharzallah.com:10643}
java.lang.IllegalArgumentException: UT000068: Servlet path match failed
	at io.undertow.servlet.handlers.ServletPathMatchesData.getServletHandlerByPath(ServletPathMatchesData.java:83)
	at io.undertow.servlet.handlers.ServletPathMatches.getServletHandlerByPath(ServletPathMatches.java:133)
	at io.undertow.servlet.handlers.ServletInitialHandler.handleRequest(ServletInitialHandler.java:147)
	at io.undertow.server.handlers.HttpContinueReadHandler.handleRequest(HttpContinueReadHandler.java:69)
	at io.undertow.server.handlers.PathHandler.handleRequest(PathHandler.java:104)
	at io.undertow.server.handlers.encoding.EncodingHandler.handleRequest(EncodingHandler.java:66)
	at io.undertow.server.handlers.SetHeaderHandler.handleRequest(SetHeaderHandler.java:90)
	at io.undertow.server.Connectors.executeRootHandler(Connectors.java:387)
	at io.undertow.server.protocol.http.HttpReadListener.handleEventWithNoRunningRequest(HttpReadListener.java:256)
	at io.undertow.server.protocol.http.HttpReadListener.handleEvent(HttpReadListener.java:136)
	at io.undertow.server.protocol.http.HttpOpenListener.handleEvent(HttpOpenListener.java:162)
	at io.undertow.server.protocol.http.HttpOpenListener.handleEvent(HttpOpenListener.java:100)
	at io.undertow.server.protocol.http.HttpOpenListener.handleEvent(HttpOpenListener.java:57)
	at org.xnio.ChannelListeners.invokeChannelListener(ChannelListeners.java:92)
	at org.xnio.ChannelListeners$10.handleEvent(ChannelListeners.java:291)
	at org.xnio.ChannelListeners$10.handleEvent(ChannelListeners.java:286)
	at org.xnio.ChannelListeners.invokeChannelListener(ChannelListeners.java:92)
	at org.xnio.nio.QueuedNioTcpServer2.acceptTask(QueuedNioTcpServer2.java:178)
	at org.xnio.nio.WorkerThread.safeRun(WorkerThread.java:612)
	at org.xnio.nio.WorkerThread.run(WorkerThread.java:479)

2022-12-15 13:54:50
[ERROR]-[Thread: XNIO-1 I/O-2]-[io.undertow.server.Connectors.executeRootHandler()]: UT005071: Undertow request failed HttpServerExchange{ CONNECT creaturecurriculum.co.uk:45687}
java.lang.IllegalArgumentException: UT000068: Servlet path match failed
	at io.undertow.servlet.handlers.ServletPathMatchesData.getServletHandlerByPath(ServletPathMatchesData.java:83)
	at io.undertow.servlet.handlers.ServletPathMatches.getServletHandlerByPath(ServletPathMatches.java:133)
	at io.undertow.servlet.handlers.ServletInitialHandler.handleRequest(ServletInitialHandler.java:147)
	at io.undertow.server.handlers.HttpContinueReadHandler.handleRequest(HttpContinueReadHandler.java:69)
	at io.undertow.server.handlers.PathHandler.handleRequest(PathHandler.java:104)
	at io.undertow.server.handlers.encoding.EncodingHandler.handleRequest(EncodingHandler.java:66)
	at io.undertow.server.handlers.SetHeaderHandler.handleRequest(SetHeaderHandler.java:90)
	at io.undertow.server.Connectors.executeRootHandler(Connectors.java:387)
	at io.undertow.server.protocol.http.HttpReadListener.handleEventWithNoRunningRequest(HttpReadListener.java:256)
	at io.undertow.server.protocol.http.HttpReadListener.handleEvent(HttpReadListener.java:136)
	at io.undertow.server.protocol.http.HttpOpenListener.handleEvent(HttpOpenListener.java:162)
	at io.undertow.server.protocol.http.HttpOpenListener.handleEvent(HttpOpenListener.java:100)
	at io.undertow.server.protocol.http.HttpOpenListener.handleEvent(HttpOpenListener.java:57)
	at org.xnio.ChannelListeners.invokeChannelListener(ChannelListeners.java:92)
	at org.xnio.ChannelListeners$10.handleEvent(ChannelListeners.java:291)
	at org.xnio.ChannelListeners$10.handleEvent(ChannelListeners.java:286)
	at org.xnio.ChannelListeners.invokeChannelListener(ChannelListeners.java:92)
	at org.xnio.nio.QueuedNioTcpServer2.acceptTask(QueuedNioTcpServer2.java:178)
	at org.xnio.nio.WorkerThread.safeRun(WorkerThread.java:612)
	at org.xnio.nio.WorkerThread.run(WorkerThread.java:479)

2022-12-15 13:54:52
[ERROR]-[Thread: XNIO-1 I/O-2]-[io.undertow.server.Connectors.executeRootHandler()]: UT005071: Undertow request failed HttpServerExchange{ CONNECT comparemoneyusa.com:21504}
java.lang.IllegalArgumentException: UT000068: Servlet path match failed
	at io.undertow.servlet.handlers.ServletPathMatchesData.getServletHandlerByPath(ServletPathMatchesData.java:83)
	at io.undertow.servlet.handlers.ServletPathMatches.getServletHandlerByPath(ServletPathMatches.java:133)
	at io.undertow.servlet.handlers.ServletInitialHandler.handleRequest(ServletInitialHandler.java:147)
	at io.undertow.server.handlers.HttpContinueReadHandler.handleRequest(HttpContinueReadHandler.java:69)
	at io.undertow.server.handlers.PathHandler.handleRequest(PathHandler.java:104)
	at io.undertow.server.handlers.encoding.EncodingHandler.handleRequest(EncodingHandler.java:66)
	at io.undertow.server.handlers.SetHeaderHandler.handleRequest(SetHeaderHandler.java:90)
	at io.undertow.server.Connectors.executeRootHandler(Connectors.java:387)
	at io.undertow.server.protocol.http.HttpReadListener.handleEventWithNoRunningRequest(HttpReadListener.java:256)
	at io.undertow.server.protocol.http.HttpReadListener.handleEvent(HttpReadListener.java:136)
	at io.undertow.server.protocol.http.HttpOpenListener.handleEvent(HttpOpenListener.java:162)
	at io.undertow.server.protocol.http.HttpOpenListener.handleEvent(HttpOpenListener.java:100)
	at io.undertow.server.protocol.http.HttpOpenListener.handleEvent(HttpOpenListener.java:57)
	at org.xnio.ChannelListeners.invokeChannelListener(ChannelListeners.java:92)
	at org.xnio.ChannelListeners$10.handleEvent(ChannelListeners.java:291)
	at org.xnio.ChannelListeners$10.handleEvent(ChannelListeners.java:286)
	at org.xnio.ChannelListeners.invokeChannelListener(ChannelListeners.java:92)
	at org.xnio.nio.QueuedNioTcpServer2.acceptTask(QueuedNioTcpServer2.java:178)
	at org.xnio.nio.WorkerThread.safeRun(WorkerThread.java:612)
	at org.xnio.nio.WorkerThread.run(WorkerThread.java:479)

2022-12-15 13:54:54
[ERROR]-[Thread: XNIO-1 I/O-1]-[io.undertow.server.Connectors.executeRootHandler()]: UT005071: Undertow request failed HttpServerExchange{ CONNECT blumenfee.net:24008}
java.lang.IllegalArgumentException: UT000068: Servlet path match failed
	at io.undertow.servlet.handlers.ServletPathMatchesData.getServletHandlerByPath(ServletPathMatchesData.java:83)
	at io.undertow.servlet.handlers.ServletPathMatches.getServletHandlerByPath(ServletPathMatches.java:133)
	at io.undertow.servlet.handlers.ServletInitialHandler.handleRequest(ServletInitialHandler.java:147)
	at io.undertow.server.handlers.HttpContinueReadHandler.handleRequest(HttpContinueReadHandler.java:69)
	at io.undertow.server.handlers.PathHandler.handleRequest(PathHandler.java:104)
	at io.undertow.server.handlers.encoding.EncodingHandler.handleRequest(EncodingHandler.java:66)
	at io.undertow.server.handlers.SetHeaderHandler.handleRequest(SetHeaderHandler.java:90)
	at io.undertow.server.Connectors.executeRootHandler(Connectors.java:387)
	at io.undertow.server.protocol.http.HttpReadListener.handleEventWithNoRunningRequest(HttpReadListener.java:256)
	at io.undertow.server.protocol.http.HttpReadListener.handleEvent(HttpReadListener.java:136)
	at io.undertow.server.protocol.http.HttpOpenListener.handleEvent(HttpOpenListener.java:162)
	at io.undertow.server.protocol.http.HttpOpenListener.handleEvent(HttpOpenListener.java:100)
	at io.undertow.server.protocol.http.HttpOpenListener.handleEvent(HttpOpenListener.java:57)
	at org.xnio.ChannelListeners.invokeChannelListener(ChannelListeners.java:92)
	at org.xnio.ChannelListeners$10.handleEvent(ChannelListeners.java:291)
	at org.xnio.ChannelListeners$10.handleEvent(ChannelListeners.java:286)
	at org.xnio.ChannelListeners.invokeChannelListener(ChannelListeners.java:92)
	at org.xnio.nio.QueuedNioTcpServer2.acceptTask(QueuedNioTcpServer2.java:178)
	at org.xnio.nio.WorkerThread.safeRun(WorkerThread.java:612)
	at org.xnio.nio.WorkerThread.run(WorkerThread.java:479)

2022-12-15 13:54:56
[ERROR]-[Thread: XNIO-1 I/O-1]-[io.undertow.server.Connectors.executeRootHandler()]: UT005071: Undertow request failed HttpServerExchange{ CONNECT comsolink.com:49853}
java.lang.IllegalArgumentException: UT000068: Servlet path match failed
	at io.undertow.servlet.handlers.ServletPathMatchesData.getServletHandlerByPath(ServletPathMatchesData.java:83)
	at io.undertow.servlet.handlers.ServletPathMatches.getServletHandlerByPath(ServletPathMatches.java:133)
	at io.undertow.servlet.handlers.ServletInitialHandler.handleRequest(ServletInitialHandler.java:147)
	at io.undertow.server.handlers.HttpContinueReadHandler.handleRequest(HttpContinueReadHandler.java:69)
	at io.undertow.server.handlers.PathHandler.handleRequest(PathHandler.java:104)
	at io.undertow.server.handlers.encoding.EncodingHandler.handleRequest(EncodingHandler.java:66)
	at io.undertow.server.handlers.SetHeaderHandler.handleRequest(SetHeaderHandler.java:90)
	at io.undertow.server.Connectors.executeRootHandler(Connectors.java:387)
	at io.undertow.server.protocol.http.HttpReadListener.handleEventWithNoRunningRequest(HttpReadListener.java:256)
	at io.undertow.server.protocol.http.HttpReadListener.handleEvent(HttpReadListener.java:136)
	at io.undertow.server.protocol.http.HttpOpenListener.handleEvent(HttpOpenListener.java:162)
	at io.undertow.server.protocol.http.HttpOpenListener.handleEvent(HttpOpenListener.java:100)
	at io.undertow.server.protocol.http.HttpOpenListener.handleEvent(HttpOpenListener.java:57)
	at org.xnio.ChannelListeners.invokeChannelListener(ChannelListeners.java:92)
	at org.xnio.ChannelListeners$10.handleEvent(ChannelListeners.java:291)
	at org.xnio.ChannelListeners$10.handleEvent(ChannelListeners.java:286)
	at org.xnio.ChannelListeners.invokeChannelListener(ChannelListeners.java:92)
	at org.xnio.nio.QueuedNioTcpServer2.acceptTask(QueuedNioTcpServer2.java:178)
	at org.xnio.nio.WorkerThread.safeRun(WorkerThread.java:612)
	at org.xnio.nio.WorkerThread.run(WorkerThread.java:479)

2022-12-15 13:54:58
[ERROR]-[Thread: XNIO-1 I/O-2]-[io.undertow.server.Connectors.executeRootHandler()]: UT005071: Undertow request failed HttpServerExchange{ CONNECT carryingroller.com:60229}
java.lang.IllegalArgumentException: UT000068: Servlet path match failed
	at io.undertow.servlet.handlers.ServletPathMatchesData.getServletHandlerByPath(ServletPathMatchesData.java:83)
	at io.undertow.servlet.handlers.ServletPathMatches.getServletHandlerByPath(ServletPathMatches.java:133)
	at io.undertow.servlet.handlers.ServletInitialHandler.handleRequest(ServletInitialHandler.java:147)
	at io.undertow.server.handlers.HttpContinueReadHandler.handleRequest(HttpContinueReadHandler.java:69)
	at io.undertow.server.handlers.PathHandler.handleRequest(PathHandler.java:104)
	at io.undertow.server.handlers.encoding.EncodingHandler.handleRequest(EncodingHandler.java:66)
	at io.undertow.server.handlers.SetHeaderHandler.handleRequest(SetHeaderHandler.java:90)
	at io.undertow.server.Connectors.executeRootHandler(Connectors.java:387)
	at io.undertow.server.protocol.http.HttpReadListener.handleEventWithNoRunningRequest(HttpReadListener.java:256)
	at io.undertow.server.protocol.http.HttpReadListener.handleEvent(HttpReadListener.java:136)
	at io.undertow.server.protocol.http.HttpOpenListener.handleEvent(HttpOpenListener.java:162)
	at io.undertow.server.protocol.http.HttpOpenListener.handleEvent(HttpOpenListener.java:100)
	at io.undertow.server.protocol.http.HttpOpenListener.handleEvent(HttpOpenListener.java:57)
	at org.xnio.ChannelListeners.invokeChannelListener(ChannelListeners.java:92)
	at org.xnio.ChannelListeners$10.handleEvent(ChannelListeners.java:291)
	at org.xnio.ChannelListeners$10.handleEvent(ChannelListeners.java:286)
	at org.xnio.ChannelListeners.invokeChannelListener(ChannelListeners.java:92)
	at org.xnio.nio.QueuedNioTcpServer2.acceptTask(QueuedNioTcpServer2.java:178)
	at org.xnio.nio.WorkerThread.safeRun(WorkerThread.java:612)
	at org.xnio.nio.WorkerThread.run(WorkerThread.java:479)

2022-12-15 13:55:00
[ERROR]-[Thread: XNIO-1 I/O-2]-[io.undertow.server.Connectors.executeRootHandler()]: UT005071: Undertow request failed HttpServerExchange{ CONNECT callingcrystals.com:56844}
java.lang.IllegalArgumentException: UT000068: Servlet path match failed
	at io.undertow.servlet.handlers.ServletPathMatchesData.getServletHandlerByPath(ServletPathMatchesData.java:83)
	at io.undertow.servlet.handlers.ServletPathMatches.getServletHandlerByPath(ServletPathMatches.java:133)
	at io.undertow.servlet.handlers.ServletInitialHandler.handleRequest(ServletInitialHandler.java:147)
	at io.undertow.server.handlers.HttpContinueReadHandler.handleRequest(HttpContinueReadHandler.java:69)
	at io.undertow.server.handlers.PathHandler.handleRequest(PathHandler.java:104)
	at io.undertow.server.handlers.encoding.EncodingHandler.handleRequest(EncodingHandler.java:66)
	at io.undertow.server.handlers.SetHeaderHandler.handleRequest(SetHeaderHandler.java:90)
	at io.undertow.server.Connectors.executeRootHandler(Connectors.java:387)
	at io.undertow.server.protocol.http.HttpReadListener.handleEventWithNoRunningRequest(HttpReadListener.java:256)
	at io.undertow.server.protocol.http.HttpReadListener.handleEvent(HttpReadListener.java:136)
	at io.undertow.server.protocol.http.HttpOpenListener.handleEvent(HttpOpenListener.java:162)
	at io.undertow.server.protocol.http.HttpOpenListener.handleEvent(HttpOpenListener.java:100)
	at io.undertow.server.protocol.http.HttpOpenListener.handleEvent(HttpOpenListener.java:57)
	at org.xnio.ChannelListeners.invokeChannelListener(ChannelListeners.java:92)
	at org.xnio.ChannelListeners$10.handleEvent(ChannelListeners.java:291)
	at org.xnio.ChannelListeners$10.handleEvent(ChannelListeners.java:286)
	at org.xnio.ChannelListeners.invokeChannelListener(ChannelListeners.java:92)
	at org.xnio.nio.QueuedNioTcpServer2.acceptTask(QueuedNioTcpServer2.java:178)
	at org.xnio.nio.WorkerThread.safeRun(WorkerThread.java:612)
	at org.xnio.nio.WorkerThread.run(WorkerThread.java:479)

2022-12-15 19:29:09
[ERROR]-[Thread: XNIO-1 I/O-1]-[io.undertow.server.Connectors.executeRootHandler()]: UT005071: Undertow request failed HttpServerExchange{ CONNECT baidu.com:443}
java.lang.IllegalArgumentException: UT000068: Servlet path match failed
	at io.undertow.servlet.handlers.ServletPathMatchesData.getServletHandlerByPath(ServletPathMatchesData.java:83)
	at io.undertow.servlet.handlers.ServletPathMatches.getServletHandlerByPath(ServletPathMatches.java:133)
	at io.undertow.servlet.handlers.ServletInitialHandler.handleRequest(ServletInitialHandler.java:147)
	at io.undertow.server.handlers.HttpContinueReadHandler.handleRequest(HttpContinueReadHandler.java:69)
	at io.undertow.server.handlers.PathHandler.handleRequest(PathHandler.java:104)
	at io.undertow.server.handlers.encoding.EncodingHandler.handleRequest(EncodingHandler.java:66)
	at io.undertow.server.handlers.SetHeaderHandler.handleRequest(SetHeaderHandler.java:90)
	at io.undertow.server.Connectors.executeRootHandler(Connectors.java:387)
	at io.undertow.server.protocol.http.HttpReadListener.handleEventWithNoRunningRequest(HttpReadListener.java:256)
	at io.undertow.server.protocol.http.HttpReadListener.handleEvent(HttpReadListener.java:136)
	at io.undertow.server.protocol.http.HttpOpenListener.handleEvent(HttpOpenListener.java:162)
	at io.undertow.server.protocol.http.HttpOpenListener.handleEvent(HttpOpenListener.java:100)
	at io.undertow.server.protocol.http.HttpOpenListener.handleEvent(HttpOpenListener.java:57)
	at org.xnio.ChannelListeners.invokeChannelListener(ChannelListeners.java:92)
	at org.xnio.ChannelListeners$10.handleEvent(ChannelListeners.java:291)
	at org.xnio.ChannelListeners$10.handleEvent(ChannelListeners.java:286)
	at org.xnio.ChannelListeners.invokeChannelListener(ChannelListeners.java:92)
	at org.xnio.nio.QueuedNioTcpServer2.acceptTask(QueuedNioTcpServer2.java:178)
	at org.xnio.nio.WorkerThread.safeRun(WorkerThread.java:612)
	at org.xnio.nio.WorkerThread.run(WorkerThread.java:479)
