
2022-12-28 03:56:19
[ERROR]-[Thread: XNIO-1 I/O-1]-[io.undertow.server.Connectors.executeRootHandler()]: UT005071: Undertow request failed HttpServerExchange{ CONNECT scaprep.net:16889}
java.lang.IllegalArgumentException: UT000068: Servlet path match failed
	at io.undertow.servlet.handlers.ServletPathMatchesData.getServletHandlerByPath(ServletPathMatchesData.java:83)
	at io.undertow.servlet.handlers.ServletPathMatches.getServletHandlerByPath(ServletPathMatches.java:133)
	at io.undertow.servlet.handlers.ServletInitialHandler.handleRequest(ServletInitialHandler.java:147)
	at io.undertow.server.handlers.HttpContinueReadHandler.handleRequest(HttpContinueReadHandler.java:69)
	at io.undertow.server.handlers.PathHandler.handleRequest(PathHandler.java:104)
	at io.undertow.server.handlers.encoding.EncodingHandler.handleRequest(EncodingHandler.java:66)
	at io.undertow.server.handlers.SetHeaderHandler.handleRequest(SetHeaderHandler.java:90)
	at io.undertow.server.Connectors.executeRootHandler(Connectors.java:387)
	at io.undertow.server.protocol.http.HttpReadListener.handleEventWithNoRunningRequest(HttpReadListener.java:256)
	at io.undertow.server.protocol.http.HttpReadListener.handleEvent(HttpReadListener.java:136)
	at io.undertow.server.protocol.http.HttpOpenListener.handleEvent(HttpOpenListener.java:162)
	at io.undertow.server.protocol.http.HttpOpenListener.handleEvent(HttpOpenListener.java:100)
	at io.undertow.server.protocol.http.HttpOpenListener.handleEvent(HttpOpenListener.java:57)
	at org.xnio.ChannelListeners.invokeChannelListener(ChannelListeners.java:92)
	at org.xnio.ChannelListeners$10.handleEvent(ChannelListeners.java:291)
	at org.xnio.ChannelListeners$10.handleEvent(ChannelListeners.java:286)
	at org.xnio.ChannelListeners.invokeChannelListener(ChannelListeners.java:92)
	at org.xnio.nio.QueuedNioTcpServer2.acceptTask(QueuedNioTcpServer2.java:178)
	at org.xnio.nio.WorkerThread.safeRun(WorkerThread.java:612)
	at org.xnio.nio.WorkerThread.run(WorkerThread.java:479)

2022-12-28 03:56:21
[ERROR]-[Thread: XNIO-1 I/O-1]-[io.undertow.server.Connectors.executeRootHandler()]: UT005071: Undertow request failed HttpServerExchange{ CONNECT scholarshipsapply.net:58433}
java.lang.IllegalArgumentException: UT000068: Servlet path match failed
	at io.undertow.servlet.handlers.ServletPathMatchesData.getServletHandlerByPath(ServletPathMatchesData.java:83)
	at io.undertow.servlet.handlers.ServletPathMatches.getServletHandlerByPath(ServletPathMatches.java:133)
	at io.undertow.servlet.handlers.ServletInitialHandler.handleRequest(ServletInitialHandler.java:147)
	at io.undertow.server.handlers.HttpContinueReadHandler.handleRequest(HttpContinueReadHandler.java:69)
	at io.undertow.server.handlers.PathHandler.handleRequest(PathHandler.java:104)
	at io.undertow.server.handlers.encoding.EncodingHandler.handleRequest(EncodingHandler.java:66)
	at io.undertow.server.handlers.SetHeaderHandler.handleRequest(SetHeaderHandler.java:90)
	at io.undertow.server.Connectors.executeRootHandler(Connectors.java:387)
	at io.undertow.server.protocol.http.HttpReadListener.handleEventWithNoRunningRequest(HttpReadListener.java:256)
	at io.undertow.server.protocol.http.HttpReadListener.handleEvent(HttpReadListener.java:136)
	at io.undertow.server.protocol.http.HttpOpenListener.handleEvent(HttpOpenListener.java:162)
	at io.undertow.server.protocol.http.HttpOpenListener.handleEvent(HttpOpenListener.java:100)
	at io.undertow.server.protocol.http.HttpOpenListener.handleEvent(HttpOpenListener.java:57)
	at org.xnio.ChannelListeners.invokeChannelListener(ChannelListeners.java:92)
	at org.xnio.ChannelListeners$10.handleEvent(ChannelListeners.java:291)
	at org.xnio.ChannelListeners$10.handleEvent(ChannelListeners.java:286)
	at org.xnio.ChannelListeners.invokeChannelListener(ChannelListeners.java:92)
	at org.xnio.nio.QueuedNioTcpServer2.acceptTask(QueuedNioTcpServer2.java:178)
	at org.xnio.nio.WorkerThread.safeRun(WorkerThread.java:612)
	at org.xnio.nio.WorkerThread.run(WorkerThread.java:479)

2022-12-28 03:56:23
[ERROR]-[Thread: XNIO-1 I/O-1]-[io.undertow.server.Connectors.executeRootHandler()]: UT005071: Undertow request failed HttpServerExchange{ CONNECT sa-aol.net:47929}
java.lang.IllegalArgumentException: UT000068: Servlet path match failed
	at io.undertow.servlet.handlers.ServletPathMatchesData.getServletHandlerByPath(ServletPathMatchesData.java:83)
	at io.undertow.servlet.handlers.ServletPathMatches.getServletHandlerByPath(ServletPathMatches.java:133)
	at io.undertow.servlet.handlers.ServletInitialHandler.handleRequest(ServletInitialHandler.java:147)
	at io.undertow.server.handlers.HttpContinueReadHandler.handleRequest(HttpContinueReadHandler.java:69)
	at io.undertow.server.handlers.PathHandler.handleRequest(PathHandler.java:104)
	at io.undertow.server.handlers.encoding.EncodingHandler.handleRequest(EncodingHandler.java:66)
	at io.undertow.server.handlers.SetHeaderHandler.handleRequest(SetHeaderHandler.java:90)
	at io.undertow.server.Connectors.executeRootHandler(Connectors.java:387)
	at io.undertow.server.protocol.http.HttpReadListener.handleEventWithNoRunningRequest(HttpReadListener.java:256)
	at io.undertow.server.protocol.http.HttpReadListener.handleEvent(HttpReadListener.java:136)
	at io.undertow.server.protocol.http.HttpOpenListener.handleEvent(HttpOpenListener.java:162)
	at io.undertow.server.protocol.http.HttpOpenListener.handleEvent(HttpOpenListener.java:100)
	at io.undertow.server.protocol.http.HttpOpenListener.handleEvent(HttpOpenListener.java:57)
	at org.xnio.ChannelListeners.invokeChannelListener(ChannelListeners.java:92)
	at org.xnio.ChannelListeners$10.handleEvent(ChannelListeners.java:291)
	at org.xnio.ChannelListeners$10.handleEvent(ChannelListeners.java:286)
	at org.xnio.ChannelListeners.invokeChannelListener(ChannelListeners.java:92)
	at org.xnio.nio.QueuedNioTcpServer2.acceptTask(QueuedNioTcpServer2.java:178)
	at org.xnio.nio.WorkerThread.safeRun(WorkerThread.java:612)
	at org.xnio.nio.WorkerThread.run(WorkerThread.java:479)

2022-12-28 03:56:25
[ERROR]-[Thread: XNIO-1 I/O-1]-[io.undertow.server.Connectors.executeRootHandler()]: UT005071: Undertow request failed HttpServerExchange{ CONNECT saigondigital.net:44396}
java.lang.IllegalArgumentException: UT000068: Servlet path match failed
	at io.undertow.servlet.handlers.ServletPathMatchesData.getServletHandlerByPath(ServletPathMatchesData.java:83)
	at io.undertow.servlet.handlers.ServletPathMatches.getServletHandlerByPath(ServletPathMatches.java:133)
	at io.undertow.servlet.handlers.ServletInitialHandler.handleRequest(ServletInitialHandler.java:147)
	at io.undertow.server.handlers.HttpContinueReadHandler.handleRequest(HttpContinueReadHandler.java:69)
	at io.undertow.server.handlers.PathHandler.handleRequest(PathHandler.java:104)
	at io.undertow.server.handlers.encoding.EncodingHandler.handleRequest(EncodingHandler.java:66)
	at io.undertow.server.handlers.SetHeaderHandler.handleRequest(SetHeaderHandler.java:90)
	at io.undertow.server.Connectors.executeRootHandler(Connectors.java:387)
	at io.undertow.server.protocol.http.HttpReadListener.handleEventWithNoRunningRequest(HttpReadListener.java:256)
	at io.undertow.server.protocol.http.HttpReadListener.handleEvent(HttpReadListener.java:136)
	at io.undertow.server.protocol.http.HttpOpenListener.handleEvent(HttpOpenListener.java:162)
	at io.undertow.server.protocol.http.HttpOpenListener.handleEvent(HttpOpenListener.java:100)
	at io.undertow.server.protocol.http.HttpOpenListener.handleEvent(HttpOpenListener.java:57)
	at org.xnio.ChannelListeners.invokeChannelListener(ChannelListeners.java:92)
	at org.xnio.ChannelListeners$10.handleEvent(ChannelListeners.java:291)
	at org.xnio.ChannelListeners$10.handleEvent(ChannelListeners.java:286)
	at org.xnio.ChannelListeners.invokeChannelListener(ChannelListeners.java:92)
	at org.xnio.nio.QueuedNioTcpServer2.acceptTask(QueuedNioTcpServer2.java:178)
	at org.xnio.nio.WorkerThread.safeRun(WorkerThread.java:612)
	at org.xnio.nio.WorkerThread.run(WorkerThread.java:479)

2022-12-28 03:56:27
[ERROR]-[Thread: XNIO-1 I/O-1]-[io.undertow.server.Connectors.executeRootHandler()]: UT005071: Undertow request failed HttpServerExchange{ CONNECT seataj.net:15770}
java.lang.IllegalArgumentException: UT000068: Servlet path match failed
	at io.undertow.servlet.handlers.ServletPathMatchesData.getServletHandlerByPath(ServletPathMatchesData.java:83)
	at io.undertow.servlet.handlers.ServletPathMatches.getServletHandlerByPath(ServletPathMatches.java:133)
	at io.undertow.servlet.handlers.ServletInitialHandler.handleRequest(ServletInitialHandler.java:147)
	at io.undertow.server.handlers.HttpContinueReadHandler.handleRequest(HttpContinueReadHandler.java:69)
	at io.undertow.server.handlers.PathHandler.handleRequest(PathHandler.java:104)
	at io.undertow.server.handlers.encoding.EncodingHandler.handleRequest(EncodingHandler.java:66)
	at io.undertow.server.handlers.SetHeaderHandler.handleRequest(SetHeaderHandler.java:90)
	at io.undertow.server.Connectors.executeRootHandler(Connectors.java:387)
	at io.undertow.server.protocol.http.HttpReadListener.handleEventWithNoRunningRequest(HttpReadListener.java:256)
	at io.undertow.server.protocol.http.HttpReadListener.handleEvent(HttpReadListener.java:136)
	at io.undertow.server.protocol.http.HttpOpenListener.handleEvent(HttpOpenListener.java:162)
	at io.undertow.server.protocol.http.HttpOpenListener.handleEvent(HttpOpenListener.java:100)
	at io.undertow.server.protocol.http.HttpOpenListener.handleEvent(HttpOpenListener.java:57)
	at org.xnio.ChannelListeners.invokeChannelListener(ChannelListeners.java:92)
	at org.xnio.ChannelListeners$10.handleEvent(ChannelListeners.java:291)
	at org.xnio.ChannelListeners$10.handleEvent(ChannelListeners.java:286)
	at org.xnio.ChannelListeners.invokeChannelListener(ChannelListeners.java:92)
	at org.xnio.nio.QueuedNioTcpServer2.acceptTask(QueuedNioTcpServer2.java:178)
	at org.xnio.nio.WorkerThread.safeRun(WorkerThread.java:612)
	at org.xnio.nio.WorkerThread.run(WorkerThread.java:479)

2022-12-28 03:56:29
[ERROR]-[Thread: XNIO-1 I/O-2]-[io.undertow.server.Connectors.executeRootHandler()]: UT005071: Undertow request failed HttpServerExchange{ CONNECT saimyr.net:14646}
java.lang.IllegalArgumentException: UT000068: Servlet path match failed
	at io.undertow.servlet.handlers.ServletPathMatchesData.getServletHandlerByPath(ServletPathMatchesData.java:83)
	at io.undertow.servlet.handlers.ServletPathMatches.getServletHandlerByPath(ServletPathMatches.java:133)
	at io.undertow.servlet.handlers.ServletInitialHandler.handleRequest(ServletInitialHandler.java:147)
	at io.undertow.server.handlers.HttpContinueReadHandler.handleRequest(HttpContinueReadHandler.java:69)
	at io.undertow.server.handlers.PathHandler.handleRequest(PathHandler.java:104)
	at io.undertow.server.handlers.encoding.EncodingHandler.handleRequest(EncodingHandler.java:66)
	at io.undertow.server.handlers.SetHeaderHandler.handleRequest(SetHeaderHandler.java:90)
	at io.undertow.server.Connectors.executeRootHandler(Connectors.java:387)
	at io.undertow.server.protocol.http.HttpReadListener.handleEventWithNoRunningRequest(HttpReadListener.java:256)
	at io.undertow.server.protocol.http.HttpReadListener.handleEvent(HttpReadListener.java:136)
	at io.undertow.server.protocol.http.HttpOpenListener.handleEvent(HttpOpenListener.java:162)
	at io.undertow.server.protocol.http.HttpOpenListener.handleEvent(HttpOpenListener.java:100)
	at io.undertow.server.protocol.http.HttpOpenListener.handleEvent(HttpOpenListener.java:57)
	at org.xnio.ChannelListeners.invokeChannelListener(ChannelListeners.java:92)
	at org.xnio.ChannelListeners$10.handleEvent(ChannelListeners.java:291)
	at org.xnio.ChannelListeners$10.handleEvent(ChannelListeners.java:286)
	at org.xnio.ChannelListeners.invokeChannelListener(ChannelListeners.java:92)
	at org.xnio.nio.QueuedNioTcpServer2.acceptTask(QueuedNioTcpServer2.java:178)
	at org.xnio.nio.WorkerThread.safeRun(WorkerThread.java:612)
	at org.xnio.nio.WorkerThread.run(WorkerThread.java:479)

2022-12-28 03:56:31
[ERROR]-[Thread: XNIO-1 I/O-2]-[io.undertow.server.Connectors.executeRootHandler()]: UT005071: Undertow request failed HttpServerExchange{ CONNECT saba6.net:18653}
java.lang.IllegalArgumentException: UT000068: Servlet path match failed
	at io.undertow.servlet.handlers.ServletPathMatchesData.getServletHandlerByPath(ServletPathMatchesData.java:83)
	at io.undertow.servlet.handlers.ServletPathMatches.getServletHandlerByPath(ServletPathMatches.java:133)
	at io.undertow.servlet.handlers.ServletInitialHandler.handleRequest(ServletInitialHandler.java:147)
	at io.undertow.server.handlers.HttpContinueReadHandler.handleRequest(HttpContinueReadHandler.java:69)
	at io.undertow.server.handlers.PathHandler.handleRequest(PathHandler.java:104)
	at io.undertow.server.handlers.encoding.EncodingHandler.handleRequest(EncodingHandler.java:66)
	at io.undertow.server.handlers.SetHeaderHandler.handleRequest(SetHeaderHandler.java:90)
	at io.undertow.server.Connectors.executeRootHandler(Connectors.java:387)
	at io.undertow.server.protocol.http.HttpReadListener.handleEventWithNoRunningRequest(HttpReadListener.java:256)
	at io.undertow.server.protocol.http.HttpReadListener.handleEvent(HttpReadListener.java:136)
	at io.undertow.server.protocol.http.HttpOpenListener.handleEvent(HttpOpenListener.java:162)
	at io.undertow.server.protocol.http.HttpOpenListener.handleEvent(HttpOpenListener.java:100)
	at io.undertow.server.protocol.http.HttpOpenListener.handleEvent(HttpOpenListener.java:57)
	at org.xnio.ChannelListeners.invokeChannelListener(ChannelListeners.java:92)
	at org.xnio.ChannelListeners$10.handleEvent(ChannelListeners.java:291)
	at org.xnio.ChannelListeners$10.handleEvent(ChannelListeners.java:286)
	at org.xnio.ChannelListeners.invokeChannelListener(ChannelListeners.java:92)
	at org.xnio.nio.QueuedNioTcpServer2.acceptTask(QueuedNioTcpServer2.java:178)
	at org.xnio.nio.WorkerThread.safeRun(WorkerThread.java:612)
	at org.xnio.nio.WorkerThread.run(WorkerThread.java:479)

2022-12-28 03:56:33
[ERROR]-[Thread: XNIO-1 I/O-2]-[io.undertow.server.Connectors.executeRootHandler()]: UT005071: Undertow request failed HttpServerExchange{ CONNECT sanleandrogaragedoor.net:50440}
java.lang.IllegalArgumentException: UT000068: Servlet path match failed
	at io.undertow.servlet.handlers.ServletPathMatchesData.getServletHandlerByPath(ServletPathMatchesData.java:83)
	at io.undertow.servlet.handlers.ServletPathMatches.getServletHandlerByPath(ServletPathMatches.java:133)
	at io.undertow.servlet.handlers.ServletInitialHandler.handleRequest(ServletInitialHandler.java:147)
	at io.undertow.server.handlers.HttpContinueReadHandler.handleRequest(HttpContinueReadHandler.java:69)
	at io.undertow.server.handlers.PathHandler.handleRequest(PathHandler.java:104)
	at io.undertow.server.handlers.encoding.EncodingHandler.handleRequest(EncodingHandler.java:66)
	at io.undertow.server.handlers.SetHeaderHandler.handleRequest(SetHeaderHandler.java:90)
	at io.undertow.server.Connectors.executeRootHandler(Connectors.java:387)
	at io.undertow.server.protocol.http.HttpReadListener.handleEventWithNoRunningRequest(HttpReadListener.java:256)
	at io.undertow.server.protocol.http.HttpReadListener.handleEvent(HttpReadListener.java:136)
	at io.undertow.server.protocol.http.HttpOpenListener.handleEvent(HttpOpenListener.java:162)
	at io.undertow.server.protocol.http.HttpOpenListener.handleEvent(HttpOpenListener.java:100)
	at io.undertow.server.protocol.http.HttpOpenListener.handleEvent(HttpOpenListener.java:57)
	at org.xnio.ChannelListeners.invokeChannelListener(ChannelListeners.java:92)
	at org.xnio.ChannelListeners$10.handleEvent(ChannelListeners.java:291)
	at org.xnio.ChannelListeners$10.handleEvent(ChannelListeners.java:286)
	at org.xnio.ChannelListeners.invokeChannelListener(ChannelListeners.java:92)
	at org.xnio.nio.QueuedNioTcpServer2.acceptTask(QueuedNioTcpServer2.java:178)
	at org.xnio.nio.WorkerThread.safeRun(WorkerThread.java:612)
	at org.xnio.nio.WorkerThread.run(WorkerThread.java:479)

2022-12-28 03:56:35
[ERROR]-[Thread: XNIO-1 I/O-1]-[io.undertow.server.Connectors.executeRootHandler()]: UT005071: Undertow request failed HttpServerExchange{ CONNECT saeg.net:35629}
java.lang.IllegalArgumentException: UT000068: Servlet path match failed
	at io.undertow.servlet.handlers.ServletPathMatchesData.getServletHandlerByPath(ServletPathMatchesData.java:83)
	at io.undertow.servlet.handlers.ServletPathMatches.getServletHandlerByPath(ServletPathMatches.java:133)
	at io.undertow.servlet.handlers.ServletInitialHandler.handleRequest(ServletInitialHandler.java:147)
	at io.undertow.server.handlers.HttpContinueReadHandler.handleRequest(HttpContinueReadHandler.java:69)
	at io.undertow.server.handlers.PathHandler.handleRequest(PathHandler.java:104)
	at io.undertow.server.handlers.encoding.EncodingHandler.handleRequest(EncodingHandler.java:66)
	at io.undertow.server.handlers.SetHeaderHandler.handleRequest(SetHeaderHandler.java:90)
	at io.undertow.server.Connectors.executeRootHandler(Connectors.java:387)
	at io.undertow.server.protocol.http.HttpReadListener.handleEventWithNoRunningRequest(HttpReadListener.java:256)
	at io.undertow.server.protocol.http.HttpReadListener.handleEvent(HttpReadListener.java:136)
	at io.undertow.server.protocol.http.HttpOpenListener.handleEvent(HttpOpenListener.java:162)
	at io.undertow.server.protocol.http.HttpOpenListener.handleEvent(HttpOpenListener.java:100)
	at io.undertow.server.protocol.http.HttpOpenListener.handleEvent(HttpOpenListener.java:57)
	at org.xnio.ChannelListeners.invokeChannelListener(ChannelListeners.java:92)
	at org.xnio.ChannelListeners$10.handleEvent(ChannelListeners.java:291)
	at org.xnio.ChannelListeners$10.handleEvent(ChannelListeners.java:286)
	at org.xnio.ChannelListeners.invokeChannelListener(ChannelListeners.java:92)
	at org.xnio.nio.QueuedNioTcpServer2.acceptTask(QueuedNioTcpServer2.java:178)
	at org.xnio.nio.WorkerThread.safeRun(WorkerThread.java:612)
	at org.xnio.nio.WorkerThread.run(WorkerThread.java:479)

2022-12-28 03:56:37
[ERROR]-[Thread: XNIO-1 I/O-2]-[io.undertow.server.Connectors.executeRootHandler()]: UT005071: Undertow request failed HttpServerExchange{ CONNECT seayouapartamentos.net:61559}
java.lang.IllegalArgumentException: UT000068: Servlet path match failed
	at io.undertow.servlet.handlers.ServletPathMatchesData.getServletHandlerByPath(ServletPathMatchesData.java:83)
	at io.undertow.servlet.handlers.ServletPathMatches.getServletHandlerByPath(ServletPathMatches.java:133)
	at io.undertow.servlet.handlers.ServletInitialHandler.handleRequest(ServletInitialHandler.java:147)
	at io.undertow.server.handlers.HttpContinueReadHandler.handleRequest(HttpContinueReadHandler.java:69)
	at io.undertow.server.handlers.PathHandler.handleRequest(PathHandler.java:104)
	at io.undertow.server.handlers.encoding.EncodingHandler.handleRequest(EncodingHandler.java:66)
	at io.undertow.server.handlers.SetHeaderHandler.handleRequest(SetHeaderHandler.java:90)
	at io.undertow.server.Connectors.executeRootHandler(Connectors.java:387)
	at io.undertow.server.protocol.http.HttpReadListener.handleEventWithNoRunningRequest(HttpReadListener.java:256)
	at io.undertow.server.protocol.http.HttpReadListener.handleEvent(HttpReadListener.java:136)
	at io.undertow.server.protocol.http.HttpOpenListener.handleEvent(HttpOpenListener.java:162)
	at io.undertow.server.protocol.http.HttpOpenListener.handleEvent(HttpOpenListener.java:100)
	at io.undertow.server.protocol.http.HttpOpenListener.handleEvent(HttpOpenListener.java:57)
	at org.xnio.ChannelListeners.invokeChannelListener(ChannelListeners.java:92)
	at org.xnio.ChannelListeners$10.handleEvent(ChannelListeners.java:291)
	at org.xnio.ChannelListeners$10.handleEvent(ChannelListeners.java:286)
	at org.xnio.ChannelListeners.invokeChannelListener(ChannelListeners.java:92)
	at org.xnio.nio.QueuedNioTcpServer2.acceptTask(QueuedNioTcpServer2.java:178)
	at org.xnio.nio.WorkerThread.safeRun(WorkerThread.java:612)
	at org.xnio.nio.WorkerThread.run(WorkerThread.java:479)

2022-12-28 03:56:39
[ERROR]-[Thread: XNIO-1 I/O-1]-[io.undertow.server.Connectors.executeRootHandler()]: UT005071: Undertow request failed HttpServerExchange{ CONNECT sebastianpech.net:60262}
java.lang.IllegalArgumentException: UT000068: Servlet path match failed
	at io.undertow.servlet.handlers.ServletPathMatchesData.getServletHandlerByPath(ServletPathMatchesData.java:83)
	at io.undertow.servlet.handlers.ServletPathMatches.getServletHandlerByPath(ServletPathMatches.java:133)
	at io.undertow.servlet.handlers.ServletInitialHandler.handleRequest(ServletInitialHandler.java:147)
	at io.undertow.server.handlers.HttpContinueReadHandler.handleRequest(HttpContinueReadHandler.java:69)
	at io.undertow.server.handlers.PathHandler.handleRequest(PathHandler.java:104)
	at io.undertow.server.handlers.encoding.EncodingHandler.handleRequest(EncodingHandler.java:66)
	at io.undertow.server.handlers.SetHeaderHandler.handleRequest(SetHeaderHandler.java:90)
	at io.undertow.server.Connectors.executeRootHandler(Connectors.java:387)
	at io.undertow.server.protocol.http.HttpReadListener.handleEventWithNoRunningRequest(HttpReadListener.java:256)
	at io.undertow.server.protocol.http.HttpReadListener.handleEvent(HttpReadListener.java:136)
	at io.undertow.server.protocol.http.HttpOpenListener.handleEvent(HttpOpenListener.java:162)
	at io.undertow.server.protocol.http.HttpOpenListener.handleEvent(HttpOpenListener.java:100)
	at io.undertow.server.protocol.http.HttpOpenListener.handleEvent(HttpOpenListener.java:57)
	at org.xnio.ChannelListeners.invokeChannelListener(ChannelListeners.java:92)
	at org.xnio.ChannelListeners$10.handleEvent(ChannelListeners.java:291)
	at org.xnio.ChannelListeners$10.handleEvent(ChannelListeners.java:286)
	at org.xnio.ChannelListeners.invokeChannelListener(ChannelListeners.java:92)
	at org.xnio.nio.QueuedNioTcpServer2.acceptTask(QueuedNioTcpServer2.java:178)
	at org.xnio.nio.WorkerThread.safeRun(WorkerThread.java:612)
	at org.xnio.nio.WorkerThread.run(WorkerThread.java:479)

2022-12-28 03:56:41
[ERROR]-[Thread: XNIO-1 I/O-2]-[io.undertow.server.Connectors.executeRootHandler()]: UT005071: Undertow request failed HttpServerExchange{ CONNECT schch.net:46984}
java.lang.IllegalArgumentException: UT000068: Servlet path match failed
	at io.undertow.servlet.handlers.ServletPathMatchesData.getServletHandlerByPath(ServletPathMatchesData.java:83)
	at io.undertow.servlet.handlers.ServletPathMatches.getServletHandlerByPath(ServletPathMatches.java:133)
	at io.undertow.servlet.handlers.ServletInitialHandler.handleRequest(ServletInitialHandler.java:147)
	at io.undertow.server.handlers.HttpContinueReadHandler.handleRequest(HttpContinueReadHandler.java:69)
	at io.undertow.server.handlers.PathHandler.handleRequest(PathHandler.java:104)
	at io.undertow.server.handlers.encoding.EncodingHandler.handleRequest(EncodingHandler.java:66)
	at io.undertow.server.handlers.SetHeaderHandler.handleRequest(SetHeaderHandler.java:90)
	at io.undertow.server.Connectors.executeRootHandler(Connectors.java:387)
	at io.undertow.server.protocol.http.HttpReadListener.handleEventWithNoRunningRequest(HttpReadListener.java:256)
	at io.undertow.server.protocol.http.HttpReadListener.handleEvent(HttpReadListener.java:136)
	at io.undertow.server.protocol.http.HttpOpenListener.handleEvent(HttpOpenListener.java:162)
	at io.undertow.server.protocol.http.HttpOpenListener.handleEvent(HttpOpenListener.java:100)
	at io.undertow.server.protocol.http.HttpOpenListener.handleEvent(HttpOpenListener.java:57)
	at org.xnio.ChannelListeners.invokeChannelListener(ChannelListeners.java:92)
	at org.xnio.ChannelListeners$10.handleEvent(ChannelListeners.java:291)
	at org.xnio.ChannelListeners$10.handleEvent(ChannelListeners.java:286)
	at org.xnio.ChannelListeners.invokeChannelListener(ChannelListeners.java:92)
	at org.xnio.nio.QueuedNioTcpServer2.acceptTask(QueuedNioTcpServer2.java:178)
	at org.xnio.nio.WorkerThread.safeRun(WorkerThread.java:612)
	at org.xnio.nio.WorkerThread.run(WorkerThread.java:479)

2022-12-28 03:56:43
[ERROR]-[Thread: XNIO-1 I/O-2]-[io.undertow.server.Connectors.executeRootHandler()]: UT005071: Undertow request failed HttpServerExchange{ CONNECT salt-land.net:16829}
java.lang.IllegalArgumentException: UT000068: Servlet path match failed
	at io.undertow.servlet.handlers.ServletPathMatchesData.getServletHandlerByPath(ServletPathMatchesData.java:83)
	at io.undertow.servlet.handlers.ServletPathMatches.getServletHandlerByPath(ServletPathMatches.java:133)
	at io.undertow.servlet.handlers.ServletInitialHandler.handleRequest(ServletInitialHandler.java:147)
	at io.undertow.server.handlers.HttpContinueReadHandler.handleRequest(HttpContinueReadHandler.java:69)
	at io.undertow.server.handlers.PathHandler.handleRequest(PathHandler.java:104)
	at io.undertow.server.handlers.encoding.EncodingHandler.handleRequest(EncodingHandler.java:66)
	at io.undertow.server.handlers.SetHeaderHandler.handleRequest(SetHeaderHandler.java:90)
	at io.undertow.server.Connectors.executeRootHandler(Connectors.java:387)
	at io.undertow.server.protocol.http.HttpReadListener.handleEventWithNoRunningRequest(HttpReadListener.java:256)
	at io.undertow.server.protocol.http.HttpReadListener.handleEvent(HttpReadListener.java:136)
	at io.undertow.server.protocol.http.HttpOpenListener.handleEvent(HttpOpenListener.java:162)
	at io.undertow.server.protocol.http.HttpOpenListener.handleEvent(HttpOpenListener.java:100)
	at io.undertow.server.protocol.http.HttpOpenListener.handleEvent(HttpOpenListener.java:57)
	at org.xnio.ChannelListeners.invokeChannelListener(ChannelListeners.java:92)
	at org.xnio.ChannelListeners$10.handleEvent(ChannelListeners.java:291)
	at org.xnio.ChannelListeners$10.handleEvent(ChannelListeners.java:286)
	at org.xnio.ChannelListeners.invokeChannelListener(ChannelListeners.java:92)
	at org.xnio.nio.QueuedNioTcpServer2.acceptTask(QueuedNioTcpServer2.java:178)
	at org.xnio.nio.WorkerThread.safeRun(WorkerThread.java:612)
	at org.xnio.nio.WorkerThread.run(WorkerThread.java:479)

2022-12-28 03:56:46
[ERROR]-[Thread: XNIO-1 I/O-1]-[io.undertow.server.Connectors.executeRootHandler()]: UT005071: Undertow request failed HttpServerExchange{ CONNECT safecontrol.net:12234}
java.lang.IllegalArgumentException: UT000068: Servlet path match failed
	at io.undertow.servlet.handlers.ServletPathMatchesData.getServletHandlerByPath(ServletPathMatchesData.java:83)
	at io.undertow.servlet.handlers.ServletPathMatches.getServletHandlerByPath(ServletPathMatches.java:133)
	at io.undertow.servlet.handlers.ServletInitialHandler.handleRequest(ServletInitialHandler.java:147)
	at io.undertow.server.handlers.HttpContinueReadHandler.handleRequest(HttpContinueReadHandler.java:69)
	at io.undertow.server.handlers.PathHandler.handleRequest(PathHandler.java:104)
	at io.undertow.server.handlers.encoding.EncodingHandler.handleRequest(EncodingHandler.java:66)
	at io.undertow.server.handlers.SetHeaderHandler.handleRequest(SetHeaderHandler.java:90)
	at io.undertow.server.Connectors.executeRootHandler(Connectors.java:387)
	at io.undertow.server.protocol.http.HttpReadListener.handleEventWithNoRunningRequest(HttpReadListener.java:256)
	at io.undertow.server.protocol.http.HttpReadListener.handleEvent(HttpReadListener.java:136)
	at io.undertow.server.protocol.http.HttpOpenListener.handleEvent(HttpOpenListener.java:162)
	at io.undertow.server.protocol.http.HttpOpenListener.handleEvent(HttpOpenListener.java:100)
	at io.undertow.server.protocol.http.HttpOpenListener.handleEvent(HttpOpenListener.java:57)
	at org.xnio.ChannelListeners.invokeChannelListener(ChannelListeners.java:92)
	at org.xnio.ChannelListeners$10.handleEvent(ChannelListeners.java:291)
	at org.xnio.ChannelListeners$10.handleEvent(ChannelListeners.java:286)
	at org.xnio.ChannelListeners.invokeChannelListener(ChannelListeners.java:92)
	at org.xnio.nio.QueuedNioTcpServer2.acceptTask(QueuedNioTcpServer2.java:178)
	at org.xnio.nio.WorkerThread.safeRun(WorkerThread.java:612)
	at org.xnio.nio.WorkerThread.run(WorkerThread.java:479)

2022-12-28 03:56:48
[ERROR]-[Thread: XNIO-1 I/O-2]-[io.undertow.server.Connectors.executeRootHandler()]: UT005071: Undertow request failed HttpServerExchange{ CONNECT saltwatergrandevacations.net:50407}
java.lang.IllegalArgumentException: UT000068: Servlet path match failed
	at io.undertow.servlet.handlers.ServletPathMatchesData.getServletHandlerByPath(ServletPathMatchesData.java:83)
	at io.undertow.servlet.handlers.ServletPathMatches.getServletHandlerByPath(ServletPathMatches.java:133)
	at io.undertow.servlet.handlers.ServletInitialHandler.handleRequest(ServletInitialHandler.java:147)
	at io.undertow.server.handlers.HttpContinueReadHandler.handleRequest(HttpContinueReadHandler.java:69)
	at io.undertow.server.handlers.PathHandler.handleRequest(PathHandler.java:104)
	at io.undertow.server.handlers.encoding.EncodingHandler.handleRequest(EncodingHandler.java:66)
	at io.undertow.server.handlers.SetHeaderHandler.handleRequest(SetHeaderHandler.java:90)
	at io.undertow.server.Connectors.executeRootHandler(Connectors.java:387)
	at io.undertow.server.protocol.http.HttpReadListener.handleEventWithNoRunningRequest(HttpReadListener.java:256)
	at io.undertow.server.protocol.http.HttpReadListener.handleEvent(HttpReadListener.java:136)
	at io.undertow.server.protocol.http.HttpOpenListener.handleEvent(HttpOpenListener.java:162)
	at io.undertow.server.protocol.http.HttpOpenListener.handleEvent(HttpOpenListener.java:100)
	at io.undertow.server.protocol.http.HttpOpenListener.handleEvent(HttpOpenListener.java:57)
	at org.xnio.ChannelListeners.invokeChannelListener(ChannelListeners.java:92)
	at org.xnio.ChannelListeners$10.handleEvent(ChannelListeners.java:291)
	at org.xnio.ChannelListeners$10.handleEvent(ChannelListeners.java:286)
	at org.xnio.ChannelListeners.invokeChannelListener(ChannelListeners.java:92)
	at org.xnio.nio.QueuedNioTcpServer2.acceptTask(QueuedNioTcpServer2.java:178)
	at org.xnio.nio.WorkerThread.safeRun(WorkerThread.java:612)
	at org.xnio.nio.WorkerThread.run(WorkerThread.java:479)

2022-12-28 03:56:50
[ERROR]-[Thread: XNIO-1 I/O-2]-[io.undertow.server.Connectors.executeRootHandler()]: UT005071: Undertow request failed HttpServerExchange{ CONNECT santamariaradiation.net:12373}
java.lang.IllegalArgumentException: UT000068: Servlet path match failed
	at io.undertow.servlet.handlers.ServletPathMatchesData.getServletHandlerByPath(ServletPathMatchesData.java:83)
	at io.undertow.servlet.handlers.ServletPathMatches.getServletHandlerByPath(ServletPathMatches.java:133)
	at io.undertow.servlet.handlers.ServletInitialHandler.handleRequest(ServletInitialHandler.java:147)
	at io.undertow.server.handlers.HttpContinueReadHandler.handleRequest(HttpContinueReadHandler.java:69)
	at io.undertow.server.handlers.PathHandler.handleRequest(PathHandler.java:104)
	at io.undertow.server.handlers.encoding.EncodingHandler.handleRequest(EncodingHandler.java:66)
	at io.undertow.server.handlers.SetHeaderHandler.handleRequest(SetHeaderHandler.java:90)
	at io.undertow.server.Connectors.executeRootHandler(Connectors.java:387)
	at io.undertow.server.protocol.http.HttpReadListener.handleEventWithNoRunningRequest(HttpReadListener.java:256)
	at io.undertow.server.protocol.http.HttpReadListener.handleEvent(HttpReadListener.java:136)
	at io.undertow.server.protocol.http.HttpOpenListener.handleEvent(HttpOpenListener.java:162)
	at io.undertow.server.protocol.http.HttpOpenListener.handleEvent(HttpOpenListener.java:100)
	at io.undertow.server.protocol.http.HttpOpenListener.handleEvent(HttpOpenListener.java:57)
	at org.xnio.ChannelListeners.invokeChannelListener(ChannelListeners.java:92)
	at org.xnio.ChannelListeners$10.handleEvent(ChannelListeners.java:291)
	at org.xnio.ChannelListeners$10.handleEvent(ChannelListeners.java:286)
	at org.xnio.ChannelListeners.invokeChannelListener(ChannelListeners.java:92)
	at org.xnio.nio.QueuedNioTcpServer2.acceptTask(QueuedNioTcpServer2.java:178)
	at org.xnio.nio.WorkerThread.safeRun(WorkerThread.java:612)
	at org.xnio.nio.WorkerThread.run(WorkerThread.java:479)

2022-12-28 03:56:52
[ERROR]-[Thread: XNIO-1 I/O-2]-[io.undertow.server.Connectors.executeRootHandler()]: UT005071: Undertow request failed HttpServerExchange{ CONNECT saltymexican.net:31784}
java.lang.IllegalArgumentException: UT000068: Servlet path match failed
	at io.undertow.servlet.handlers.ServletPathMatchesData.getServletHandlerByPath(ServletPathMatchesData.java:83)
	at io.undertow.servlet.handlers.ServletPathMatches.getServletHandlerByPath(ServletPathMatches.java:133)
	at io.undertow.servlet.handlers.ServletInitialHandler.handleRequest(ServletInitialHandler.java:147)
	at io.undertow.server.handlers.HttpContinueReadHandler.handleRequest(HttpContinueReadHandler.java:69)
	at io.undertow.server.handlers.PathHandler.handleRequest(PathHandler.java:104)
	at io.undertow.server.handlers.encoding.EncodingHandler.handleRequest(EncodingHandler.java:66)
	at io.undertow.server.handlers.SetHeaderHandler.handleRequest(SetHeaderHandler.java:90)
	at io.undertow.server.Connectors.executeRootHandler(Connectors.java:387)
	at io.undertow.server.protocol.http.HttpReadListener.handleEventWithNoRunningRequest(HttpReadListener.java:256)
	at io.undertow.server.protocol.http.HttpReadListener.handleEvent(HttpReadListener.java:136)
	at io.undertow.server.protocol.http.HttpOpenListener.handleEvent(HttpOpenListener.java:162)
	at io.undertow.server.protocol.http.HttpOpenListener.handleEvent(HttpOpenListener.java:100)
	at io.undertow.server.protocol.http.HttpOpenListener.handleEvent(HttpOpenListener.java:57)
	at org.xnio.ChannelListeners.invokeChannelListener(ChannelListeners.java:92)
	at org.xnio.ChannelListeners$10.handleEvent(ChannelListeners.java:291)
	at org.xnio.ChannelListeners$10.handleEvent(ChannelListeners.java:286)
	at org.xnio.ChannelListeners.invokeChannelListener(ChannelListeners.java:92)
	at org.xnio.nio.QueuedNioTcpServer2.acceptTask(QueuedNioTcpServer2.java:178)
	at org.xnio.nio.WorkerThread.safeRun(WorkerThread.java:612)
	at org.xnio.nio.WorkerThread.run(WorkerThread.java:479)

2022-12-28 03:56:54
[ERROR]-[Thread: XNIO-1 I/O-1]-[io.undertow.server.Connectors.executeRootHandler()]: UT005071: Undertow request failed HttpServerExchange{ CONNECT samestate.net:48636}
java.lang.IllegalArgumentException: UT000068: Servlet path match failed
	at io.undertow.servlet.handlers.ServletPathMatchesData.getServletHandlerByPath(ServletPathMatchesData.java:83)
	at io.undertow.servlet.handlers.ServletPathMatches.getServletHandlerByPath(ServletPathMatches.java:133)
	at io.undertow.servlet.handlers.ServletInitialHandler.handleRequest(ServletInitialHandler.java:147)
	at io.undertow.server.handlers.HttpContinueReadHandler.handleRequest(HttpContinueReadHandler.java:69)
	at io.undertow.server.handlers.PathHandler.handleRequest(PathHandler.java:104)
	at io.undertow.server.handlers.encoding.EncodingHandler.handleRequest(EncodingHandler.java:66)
	at io.undertow.server.handlers.SetHeaderHandler.handleRequest(SetHeaderHandler.java:90)
	at io.undertow.server.Connectors.executeRootHandler(Connectors.java:387)
	at io.undertow.server.protocol.http.HttpReadListener.handleEventWithNoRunningRequest(HttpReadListener.java:256)
	at io.undertow.server.protocol.http.HttpReadListener.handleEvent(HttpReadListener.java:136)
	at io.undertow.server.protocol.http.HttpOpenListener.handleEvent(HttpOpenListener.java:162)
	at io.undertow.server.protocol.http.HttpOpenListener.handleEvent(HttpOpenListener.java:100)
	at io.undertow.server.protocol.http.HttpOpenListener.handleEvent(HttpOpenListener.java:57)
	at org.xnio.ChannelListeners.invokeChannelListener(ChannelListeners.java:92)
	at org.xnio.ChannelListeners$10.handleEvent(ChannelListeners.java:291)
	at org.xnio.ChannelListeners$10.handleEvent(ChannelListeners.java:286)
	at org.xnio.ChannelListeners.invokeChannelListener(ChannelListeners.java:92)
	at org.xnio.nio.QueuedNioTcpServer2.acceptTask(QueuedNioTcpServer2.java:178)
	at org.xnio.nio.WorkerThread.safeRun(WorkerThread.java:612)
	at org.xnio.nio.WorkerThread.run(WorkerThread.java:479)

2022-12-28 03:56:56
[ERROR]-[Thread: XNIO-1 I/O-2]-[io.undertow.server.Connectors.executeRootHandler()]: UT005071: Undertow request failed HttpServerExchange{ CONNECT sasova.net:56826}
java.lang.IllegalArgumentException: UT000068: Servlet path match failed
	at io.undertow.servlet.handlers.ServletPathMatchesData.getServletHandlerByPath(ServletPathMatchesData.java:83)
	at io.undertow.servlet.handlers.ServletPathMatches.getServletHandlerByPath(ServletPathMatches.java:133)
	at io.undertow.servlet.handlers.ServletInitialHandler.handleRequest(ServletInitialHandler.java:147)
	at io.undertow.server.handlers.HttpContinueReadHandler.handleRequest(HttpContinueReadHandler.java:69)
	at io.undertow.server.handlers.PathHandler.handleRequest(PathHandler.java:104)
	at io.undertow.server.handlers.encoding.EncodingHandler.handleRequest(EncodingHandler.java:66)
	at io.undertow.server.handlers.SetHeaderHandler.handleRequest(SetHeaderHandler.java:90)
	at io.undertow.server.Connectors.executeRootHandler(Connectors.java:387)
	at io.undertow.server.protocol.http.HttpReadListener.handleEventWithNoRunningRequest(HttpReadListener.java:256)
	at io.undertow.server.protocol.http.HttpReadListener.handleEvent(HttpReadListener.java:136)
	at io.undertow.server.protocol.http.HttpOpenListener.handleEvent(HttpOpenListener.java:162)
	at io.undertow.server.protocol.http.HttpOpenListener.handleEvent(HttpOpenListener.java:100)
	at io.undertow.server.protocol.http.HttpOpenListener.handleEvent(HttpOpenListener.java:57)
	at org.xnio.ChannelListeners.invokeChannelListener(ChannelListeners.java:92)
	at org.xnio.ChannelListeners$10.handleEvent(ChannelListeners.java:291)
	at org.xnio.ChannelListeners$10.handleEvent(ChannelListeners.java:286)
	at org.xnio.ChannelListeners.invokeChannelListener(ChannelListeners.java:92)
	at org.xnio.nio.QueuedNioTcpServer2.acceptTask(QueuedNioTcpServer2.java:178)
	at org.xnio.nio.WorkerThread.safeRun(WorkerThread.java:612)
	at org.xnio.nio.WorkerThread.run(WorkerThread.java:479)

2022-12-28 03:56:58
[ERROR]-[Thread: XNIO-1 I/O-2]-[io.undertow.server.Connectors.executeRootHandler()]: UT005071: Undertow request failed HttpServerExchange{ CONNECT sassuolofutura.net:10128}
java.lang.IllegalArgumentException: UT000068: Servlet path match failed
	at io.undertow.servlet.handlers.ServletPathMatchesData.getServletHandlerByPath(ServletPathMatchesData.java:83)
	at io.undertow.servlet.handlers.ServletPathMatches.getServletHandlerByPath(ServletPathMatches.java:133)
	at io.undertow.servlet.handlers.ServletInitialHandler.handleRequest(ServletInitialHandler.java:147)
	at io.undertow.server.handlers.HttpContinueReadHandler.handleRequest(HttpContinueReadHandler.java:69)
	at io.undertow.server.handlers.PathHandler.handleRequest(PathHandler.java:104)
	at io.undertow.server.handlers.encoding.EncodingHandler.handleRequest(EncodingHandler.java:66)
	at io.undertow.server.handlers.SetHeaderHandler.handleRequest(SetHeaderHandler.java:90)
	at io.undertow.server.Connectors.executeRootHandler(Connectors.java:387)
	at io.undertow.server.protocol.http.HttpReadListener.handleEventWithNoRunningRequest(HttpReadListener.java:256)
	at io.undertow.server.protocol.http.HttpReadListener.handleEvent(HttpReadListener.java:136)
	at io.undertow.server.protocol.http.HttpOpenListener.handleEvent(HttpOpenListener.java:162)
	at io.undertow.server.protocol.http.HttpOpenListener.handleEvent(HttpOpenListener.java:100)
	at io.undertow.server.protocol.http.HttpOpenListener.handleEvent(HttpOpenListener.java:57)
	at org.xnio.ChannelListeners.invokeChannelListener(ChannelListeners.java:92)
	at org.xnio.ChannelListeners$10.handleEvent(ChannelListeners.java:291)
	at org.xnio.ChannelListeners$10.handleEvent(ChannelListeners.java:286)
	at org.xnio.ChannelListeners.invokeChannelListener(ChannelListeners.java:92)
	at org.xnio.nio.QueuedNioTcpServer2.acceptTask(QueuedNioTcpServer2.java:178)
	at org.xnio.nio.WorkerThread.safeRun(WorkerThread.java:612)
	at org.xnio.nio.WorkerThread.run(WorkerThread.java:479)

2022-12-28 03:57:00
[ERROR]-[Thread: XNIO-1 I/O-1]-[io.undertow.server.Connectors.executeRootHandler()]: UT005071: Undertow request failed HttpServerExchange{ CONNECT satila.net:12025}
java.lang.IllegalArgumentException: UT000068: Servlet path match failed
	at io.undertow.servlet.handlers.ServletPathMatchesData.getServletHandlerByPath(ServletPathMatchesData.java:83)
	at io.undertow.servlet.handlers.ServletPathMatches.getServletHandlerByPath(ServletPathMatches.java:133)
	at io.undertow.servlet.handlers.ServletInitialHandler.handleRequest(ServletInitialHandler.java:147)
	at io.undertow.server.handlers.HttpContinueReadHandler.handleRequest(HttpContinueReadHandler.java:69)
	at io.undertow.server.handlers.PathHandler.handleRequest(PathHandler.java:104)
	at io.undertow.server.handlers.encoding.EncodingHandler.handleRequest(EncodingHandler.java:66)
	at io.undertow.server.handlers.SetHeaderHandler.handleRequest(SetHeaderHandler.java:90)
	at io.undertow.server.Connectors.executeRootHandler(Connectors.java:387)
	at io.undertow.server.protocol.http.HttpReadListener.handleEventWithNoRunningRequest(HttpReadListener.java:256)
	at io.undertow.server.protocol.http.HttpReadListener.handleEvent(HttpReadListener.java:136)
	at io.undertow.server.protocol.http.HttpOpenListener.handleEvent(HttpOpenListener.java:162)
	at io.undertow.server.protocol.http.HttpOpenListener.handleEvent(HttpOpenListener.java:100)
	at io.undertow.server.protocol.http.HttpOpenListener.handleEvent(HttpOpenListener.java:57)
	at org.xnio.ChannelListeners.invokeChannelListener(ChannelListeners.java:92)
	at org.xnio.ChannelListeners$10.handleEvent(ChannelListeners.java:291)
	at org.xnio.ChannelListeners$10.handleEvent(ChannelListeners.java:286)
	at org.xnio.ChannelListeners.invokeChannelListener(ChannelListeners.java:92)
	at org.xnio.nio.QueuedNioTcpServer2.acceptTask(QueuedNioTcpServer2.java:178)
	at org.xnio.nio.WorkerThread.safeRun(WorkerThread.java:612)
	at org.xnio.nio.WorkerThread.run(WorkerThread.java:479)

2022-12-28 03:57:02
[ERROR]-[Thread: XNIO-1 I/O-1]-[io.undertow.server.Connectors.executeRootHandler()]: UT005071: Undertow request failed HttpServerExchange{ CONNECT secretsaltlakecity.net:14338}
java.lang.IllegalArgumentException: UT000068: Servlet path match failed
	at io.undertow.servlet.handlers.ServletPathMatchesData.getServletHandlerByPath(ServletPathMatchesData.java:83)
	at io.undertow.servlet.handlers.ServletPathMatches.getServletHandlerByPath(ServletPathMatches.java:133)
	at io.undertow.servlet.handlers.ServletInitialHandler.handleRequest(ServletInitialHandler.java:147)
	at io.undertow.server.handlers.HttpContinueReadHandler.handleRequest(HttpContinueReadHandler.java:69)
	at io.undertow.server.handlers.PathHandler.handleRequest(PathHandler.java:104)
	at io.undertow.server.handlers.encoding.EncodingHandler.handleRequest(EncodingHandler.java:66)
	at io.undertow.server.handlers.SetHeaderHandler.handleRequest(SetHeaderHandler.java:90)
	at io.undertow.server.Connectors.executeRootHandler(Connectors.java:387)
	at io.undertow.server.protocol.http.HttpReadListener.handleEventWithNoRunningRequest(HttpReadListener.java:256)
	at io.undertow.server.protocol.http.HttpReadListener.handleEvent(HttpReadListener.java:136)
	at io.undertow.server.protocol.http.HttpOpenListener.handleEvent(HttpOpenListener.java:162)
	at io.undertow.server.protocol.http.HttpOpenListener.handleEvent(HttpOpenListener.java:100)
	at io.undertow.server.protocol.http.HttpOpenListener.handleEvent(HttpOpenListener.java:57)
	at org.xnio.ChannelListeners.invokeChannelListener(ChannelListeners.java:92)
	at org.xnio.ChannelListeners$10.handleEvent(ChannelListeners.java:291)
	at org.xnio.ChannelListeners$10.handleEvent(ChannelListeners.java:286)
	at org.xnio.ChannelListeners.invokeChannelListener(ChannelListeners.java:92)
	at org.xnio.nio.QueuedNioTcpServer2.acceptTask(QueuedNioTcpServer2.java:178)
	at org.xnio.nio.WorkerThread.safeRun(WorkerThread.java:612)
	at org.xnio.nio.WorkerThread.run(WorkerThread.java:479)

2022-12-28 03:57:05
[ERROR]-[Thread: XNIO-1 I/O-1]-[io.undertow.server.Connectors.executeRootHandler()]: UT005071: Undertow request failed HttpServerExchange{ CONNECT sampsonmoorthi.net:41552}
java.lang.IllegalArgumentException: UT000068: Servlet path match failed
	at io.undertow.servlet.handlers.ServletPathMatchesData.getServletHandlerByPath(ServletPathMatchesData.java:83)
	at io.undertow.servlet.handlers.ServletPathMatches.getServletHandlerByPath(ServletPathMatches.java:133)
	at io.undertow.servlet.handlers.ServletInitialHandler.handleRequest(ServletInitialHandler.java:147)
	at io.undertow.server.handlers.HttpContinueReadHandler.handleRequest(HttpContinueReadHandler.java:69)
	at io.undertow.server.handlers.PathHandler.handleRequest(PathHandler.java:104)
	at io.undertow.server.handlers.encoding.EncodingHandler.handleRequest(EncodingHandler.java:66)
	at io.undertow.server.handlers.SetHeaderHandler.handleRequest(SetHeaderHandler.java:90)
	at io.undertow.server.Connectors.executeRootHandler(Connectors.java:387)
	at io.undertow.server.protocol.http.HttpReadListener.handleEventWithNoRunningRequest(HttpReadListener.java:256)
	at io.undertow.server.protocol.http.HttpReadListener.handleEvent(HttpReadListener.java:136)
	at io.undertow.server.protocol.http.HttpOpenListener.handleEvent(HttpOpenListener.java:162)
	at io.undertow.server.protocol.http.HttpOpenListener.handleEvent(HttpOpenListener.java:100)
	at io.undertow.server.protocol.http.HttpOpenListener.handleEvent(HttpOpenListener.java:57)
	at org.xnio.ChannelListeners.invokeChannelListener(ChannelListeners.java:92)
	at org.xnio.ChannelListeners$10.handleEvent(ChannelListeners.java:291)
	at org.xnio.ChannelListeners$10.handleEvent(ChannelListeners.java:286)
	at org.xnio.ChannelListeners.invokeChannelListener(ChannelListeners.java:92)
	at org.xnio.nio.QueuedNioTcpServer2.acceptTask(QueuedNioTcpServer2.java:178)
	at org.xnio.nio.WorkerThread.safeRun(WorkerThread.java:612)
	at org.xnio.nio.WorkerThread.run(WorkerThread.java:479)

2022-12-28 03:57:07
[ERROR]-[Thread: XNIO-1 I/O-1]-[io.undertow.server.Connectors.executeRootHandler()]: UT005071: Undertow request failed HttpServerExchange{ CONNECT savagepatchkids.net:56098}
java.lang.IllegalArgumentException: UT000068: Servlet path match failed
	at io.undertow.servlet.handlers.ServletPathMatchesData.getServletHandlerByPath(ServletPathMatchesData.java:83)
	at io.undertow.servlet.handlers.ServletPathMatches.getServletHandlerByPath(ServletPathMatches.java:133)
	at io.undertow.servlet.handlers.ServletInitialHandler.handleRequest(ServletInitialHandler.java:147)
	at io.undertow.server.handlers.HttpContinueReadHandler.handleRequest(HttpContinueReadHandler.java:69)
	at io.undertow.server.handlers.PathHandler.handleRequest(PathHandler.java:104)
	at io.undertow.server.handlers.encoding.EncodingHandler.handleRequest(EncodingHandler.java:66)
	at io.undertow.server.handlers.SetHeaderHandler.handleRequest(SetHeaderHandler.java:90)
	at io.undertow.server.Connectors.executeRootHandler(Connectors.java:387)
	at io.undertow.server.protocol.http.HttpReadListener.handleEventWithNoRunningRequest(HttpReadListener.java:256)
	at io.undertow.server.protocol.http.HttpReadListener.handleEvent(HttpReadListener.java:136)
	at io.undertow.server.protocol.http.HttpOpenListener.handleEvent(HttpOpenListener.java:162)
	at io.undertow.server.protocol.http.HttpOpenListener.handleEvent(HttpOpenListener.java:100)
	at io.undertow.server.protocol.http.HttpOpenListener.handleEvent(HttpOpenListener.java:57)
	at org.xnio.ChannelListeners.invokeChannelListener(ChannelListeners.java:92)
	at org.xnio.ChannelListeners$10.handleEvent(ChannelListeners.java:291)
	at org.xnio.ChannelListeners$10.handleEvent(ChannelListeners.java:286)
	at org.xnio.ChannelListeners.invokeChannelListener(ChannelListeners.java:92)
	at org.xnio.nio.QueuedNioTcpServer2.acceptTask(QueuedNioTcpServer2.java:178)
	at org.xnio.nio.WorkerThread.safeRun(WorkerThread.java:612)
	at org.xnio.nio.WorkerThread.run(WorkerThread.java:479)

2022-12-28 03:57:09
[ERROR]-[Thread: XNIO-1 I/O-2]-[io.undertow.server.Connectors.executeRootHandler()]: UT005071: Undertow request failed HttpServerExchange{ CONNECT savannahinformatics.net:36225}
java.lang.IllegalArgumentException: UT000068: Servlet path match failed
	at io.undertow.servlet.handlers.ServletPathMatchesData.getServletHandlerByPath(ServletPathMatchesData.java:83)
	at io.undertow.servlet.handlers.ServletPathMatches.getServletHandlerByPath(ServletPathMatches.java:133)
	at io.undertow.servlet.handlers.ServletInitialHandler.handleRequest(ServletInitialHandler.java:147)
	at io.undertow.server.handlers.HttpContinueReadHandler.handleRequest(HttpContinueReadHandler.java:69)
	at io.undertow.server.handlers.PathHandler.handleRequest(PathHandler.java:104)
	at io.undertow.server.handlers.encoding.EncodingHandler.handleRequest(EncodingHandler.java:66)
	at io.undertow.server.handlers.SetHeaderHandler.handleRequest(SetHeaderHandler.java:90)
	at io.undertow.server.Connectors.executeRootHandler(Connectors.java:387)
	at io.undertow.server.protocol.http.HttpReadListener.handleEventWithNoRunningRequest(HttpReadListener.java:256)
	at io.undertow.server.protocol.http.HttpReadListener.handleEvent(HttpReadListener.java:136)
	at io.undertow.server.protocol.http.HttpOpenListener.handleEvent(HttpOpenListener.java:162)
	at io.undertow.server.protocol.http.HttpOpenListener.handleEvent(HttpOpenListener.java:100)
	at io.undertow.server.protocol.http.HttpOpenListener.handleEvent(HttpOpenListener.java:57)
	at org.xnio.ChannelListeners.invokeChannelListener(ChannelListeners.java:92)
	at org.xnio.ChannelListeners$10.handleEvent(ChannelListeners.java:291)
	at org.xnio.ChannelListeners$10.handleEvent(ChannelListeners.java:286)
	at org.xnio.ChannelListeners.invokeChannelListener(ChannelListeners.java:92)
	at org.xnio.nio.QueuedNioTcpServer2.acceptTask(QueuedNioTcpServer2.java:178)
	at org.xnio.nio.WorkerThread.safeRun(WorkerThread.java:612)
	at org.xnio.nio.WorkerThread.run(WorkerThread.java:479)

2022-12-28 03:57:11
[ERROR]-[Thread: XNIO-1 I/O-1]-[io.undertow.server.Connectors.executeRootHandler()]: UT005071: Undertow request failed HttpServerExchange{ CONNECT sbdt.net:51615}
java.lang.IllegalArgumentException: UT000068: Servlet path match failed
	at io.undertow.servlet.handlers.ServletPathMatchesData.getServletHandlerByPath(ServletPathMatchesData.java:83)
	at io.undertow.servlet.handlers.ServletPathMatches.getServletHandlerByPath(ServletPathMatches.java:133)
	at io.undertow.servlet.handlers.ServletInitialHandler.handleRequest(ServletInitialHandler.java:147)
	at io.undertow.server.handlers.HttpContinueReadHandler.handleRequest(HttpContinueReadHandler.java:69)
	at io.undertow.server.handlers.PathHandler.handleRequest(PathHandler.java:104)
	at io.undertow.server.handlers.encoding.EncodingHandler.handleRequest(EncodingHandler.java:66)
	at io.undertow.server.handlers.SetHeaderHandler.handleRequest(SetHeaderHandler.java:90)
	at io.undertow.server.Connectors.executeRootHandler(Connectors.java:387)
	at io.undertow.server.protocol.http.HttpReadListener.handleEventWithNoRunningRequest(HttpReadListener.java:256)
	at io.undertow.server.protocol.http.HttpReadListener.handleEvent(HttpReadListener.java:136)
	at io.undertow.server.protocol.http.HttpOpenListener.handleEvent(HttpOpenListener.java:162)
	at io.undertow.server.protocol.http.HttpOpenListener.handleEvent(HttpOpenListener.java:100)
	at io.undertow.server.protocol.http.HttpOpenListener.handleEvent(HttpOpenListener.java:57)
	at org.xnio.ChannelListeners.invokeChannelListener(ChannelListeners.java:92)
	at org.xnio.ChannelListeners$10.handleEvent(ChannelListeners.java:291)
	at org.xnio.ChannelListeners$10.handleEvent(ChannelListeners.java:286)
	at org.xnio.ChannelListeners.invokeChannelListener(ChannelListeners.java:92)
	at org.xnio.nio.QueuedNioTcpServer2.acceptTask(QueuedNioTcpServer2.java:178)
	at org.xnio.nio.WorkerThread.safeRun(WorkerThread.java:612)
	at org.xnio.nio.WorkerThread.run(WorkerThread.java:479)

2022-12-28 03:57:13
[ERROR]-[Thread: XNIO-1 I/O-2]-[io.undertow.server.Connectors.executeRootHandler()]: UT005071: Undertow request failed HttpServerExchange{ CONNECT sbdtech.net:34905}
java.lang.IllegalArgumentException: UT000068: Servlet path match failed
	at io.undertow.servlet.handlers.ServletPathMatchesData.getServletHandlerByPath(ServletPathMatchesData.java:83)
	at io.undertow.servlet.handlers.ServletPathMatches.getServletHandlerByPath(ServletPathMatches.java:133)
	at io.undertow.servlet.handlers.ServletInitialHandler.handleRequest(ServletInitialHandler.java:147)
	at io.undertow.server.handlers.HttpContinueReadHandler.handleRequest(HttpContinueReadHandler.java:69)
	at io.undertow.server.handlers.PathHandler.handleRequest(PathHandler.java:104)
	at io.undertow.server.handlers.encoding.EncodingHandler.handleRequest(EncodingHandler.java:66)
	at io.undertow.server.handlers.SetHeaderHandler.handleRequest(SetHeaderHandler.java:90)
	at io.undertow.server.Connectors.executeRootHandler(Connectors.java:387)
	at io.undertow.server.protocol.http.HttpReadListener.handleEventWithNoRunningRequest(HttpReadListener.java:256)
	at io.undertow.server.protocol.http.HttpReadListener.handleEvent(HttpReadListener.java:136)
	at io.undertow.server.protocol.http.HttpOpenListener.handleEvent(HttpOpenListener.java:162)
	at io.undertow.server.protocol.http.HttpOpenListener.handleEvent(HttpOpenListener.java:100)
	at io.undertow.server.protocol.http.HttpOpenListener.handleEvent(HttpOpenListener.java:57)
	at org.xnio.ChannelListeners.invokeChannelListener(ChannelListeners.java:92)
	at org.xnio.ChannelListeners$10.handleEvent(ChannelListeners.java:291)
	at org.xnio.ChannelListeners$10.handleEvent(ChannelListeners.java:286)
	at org.xnio.ChannelListeners.invokeChannelListener(ChannelListeners.java:92)
	at org.xnio.nio.QueuedNioTcpServer2.acceptTask(QueuedNioTcpServer2.java:178)
	at org.xnio.nio.WorkerThread.safeRun(WorkerThread.java:612)
	at org.xnio.nio.WorkerThread.run(WorkerThread.java:479)

2022-12-28 03:57:15
[ERROR]-[Thread: XNIO-1 I/O-2]-[io.undertow.server.Connectors.executeRootHandler()]: UT005071: Undertow request failed HttpServerExchange{ CONNECT sdream.net:64400}
java.lang.IllegalArgumentException: UT000068: Servlet path match failed
	at io.undertow.servlet.handlers.ServletPathMatchesData.getServletHandlerByPath(ServletPathMatchesData.java:83)
	at io.undertow.servlet.handlers.ServletPathMatches.getServletHandlerByPath(ServletPathMatches.java:133)
	at io.undertow.servlet.handlers.ServletInitialHandler.handleRequest(ServletInitialHandler.java:147)
	at io.undertow.server.handlers.HttpContinueReadHandler.handleRequest(HttpContinueReadHandler.java:69)
	at io.undertow.server.handlers.PathHandler.handleRequest(PathHandler.java:104)
	at io.undertow.server.handlers.encoding.EncodingHandler.handleRequest(EncodingHandler.java:66)
	at io.undertow.server.handlers.SetHeaderHandler.handleRequest(SetHeaderHandler.java:90)
	at io.undertow.server.Connectors.executeRootHandler(Connectors.java:387)
	at io.undertow.server.protocol.http.HttpReadListener.handleEventWithNoRunningRequest(HttpReadListener.java:256)
	at io.undertow.server.protocol.http.HttpReadListener.handleEvent(HttpReadListener.java:136)
	at io.undertow.server.protocol.http.HttpOpenListener.handleEvent(HttpOpenListener.java:162)
	at io.undertow.server.protocol.http.HttpOpenListener.handleEvent(HttpOpenListener.java:100)
	at io.undertow.server.protocol.http.HttpOpenListener.handleEvent(HttpOpenListener.java:57)
	at org.xnio.ChannelListeners.invokeChannelListener(ChannelListeners.java:92)
	at org.xnio.ChannelListeners$10.handleEvent(ChannelListeners.java:291)
	at org.xnio.ChannelListeners$10.handleEvent(ChannelListeners.java:286)
	at org.xnio.ChannelListeners.invokeChannelListener(ChannelListeners.java:92)
	at org.xnio.nio.QueuedNioTcpServer2.acceptTask(QueuedNioTcpServer2.java:178)
	at org.xnio.nio.WorkerThread.safeRun(WorkerThread.java:612)
	at org.xnio.nio.WorkerThread.run(WorkerThread.java:479)

2022-12-28 03:57:17
[ERROR]-[Thread: XNIO-1 I/O-2]-[io.undertow.server.Connectors.executeRootHandler()]: UT005071: Undertow request failed HttpServerExchange{ CONNECT scorpiomr.net:22200}
java.lang.IllegalArgumentException: UT000068: Servlet path match failed
	at io.undertow.servlet.handlers.ServletPathMatchesData.getServletHandlerByPath(ServletPathMatchesData.java:83)
	at io.undertow.servlet.handlers.ServletPathMatches.getServletHandlerByPath(ServletPathMatches.java:133)
	at io.undertow.servlet.handlers.ServletInitialHandler.handleRequest(ServletInitialHandler.java:147)
	at io.undertow.server.handlers.HttpContinueReadHandler.handleRequest(HttpContinueReadHandler.java:69)
	at io.undertow.server.handlers.PathHandler.handleRequest(PathHandler.java:104)
	at io.undertow.server.handlers.encoding.EncodingHandler.handleRequest(EncodingHandler.java:66)
	at io.undertow.server.handlers.SetHeaderHandler.handleRequest(SetHeaderHandler.java:90)
	at io.undertow.server.Connectors.executeRootHandler(Connectors.java:387)
	at io.undertow.server.protocol.http.HttpReadListener.handleEventWithNoRunningRequest(HttpReadListener.java:256)
	at io.undertow.server.protocol.http.HttpReadListener.handleEvent(HttpReadListener.java:136)
	at io.undertow.server.protocol.http.HttpOpenListener.handleEvent(HttpOpenListener.java:162)
	at io.undertow.server.protocol.http.HttpOpenListener.handleEvent(HttpOpenListener.java:100)
	at io.undertow.server.protocol.http.HttpOpenListener.handleEvent(HttpOpenListener.java:57)
	at org.xnio.ChannelListeners.invokeChannelListener(ChannelListeners.java:92)
	at org.xnio.ChannelListeners$10.handleEvent(ChannelListeners.java:291)
	at org.xnio.ChannelListeners$10.handleEvent(ChannelListeners.java:286)
	at org.xnio.ChannelListeners.invokeChannelListener(ChannelListeners.java:92)
	at org.xnio.nio.QueuedNioTcpServer2.acceptTask(QueuedNioTcpServer2.java:178)
	at org.xnio.nio.WorkerThread.safeRun(WorkerThread.java:612)
	at org.xnio.nio.WorkerThread.run(WorkerThread.java:479)

2022-12-28 03:57:19
[ERROR]-[Thread: XNIO-1 I/O-2]-[io.undertow.server.Connectors.executeRootHandler()]: UT005071: Undertow request failed HttpServerExchange{ CONNECT sc8ecndv8ac4n566jh73uhn83bo23fm8.net:12018}
java.lang.IllegalArgumentException: UT000068: Servlet path match failed
	at io.undertow.servlet.handlers.ServletPathMatchesData.getServletHandlerByPath(ServletPathMatchesData.java:83)
	at io.undertow.servlet.handlers.ServletPathMatches.getServletHandlerByPath(ServletPathMatches.java:133)
	at io.undertow.servlet.handlers.ServletInitialHandler.handleRequest(ServletInitialHandler.java:147)
	at io.undertow.server.handlers.HttpContinueReadHandler.handleRequest(HttpContinueReadHandler.java:69)
	at io.undertow.server.handlers.PathHandler.handleRequest(PathHandler.java:104)
	at io.undertow.server.handlers.encoding.EncodingHandler.handleRequest(EncodingHandler.java:66)
	at io.undertow.server.handlers.SetHeaderHandler.handleRequest(SetHeaderHandler.java:90)
	at io.undertow.server.Connectors.executeRootHandler(Connectors.java:387)
	at io.undertow.server.protocol.http.HttpReadListener.handleEventWithNoRunningRequest(HttpReadListener.java:256)
	at io.undertow.server.protocol.http.HttpReadListener.handleEvent(HttpReadListener.java:136)
	at io.undertow.server.protocol.http.HttpOpenListener.handleEvent(HttpOpenListener.java:162)
	at io.undertow.server.protocol.http.HttpOpenListener.handleEvent(HttpOpenListener.java:100)
	at io.undertow.server.protocol.http.HttpOpenListener.handleEvent(HttpOpenListener.java:57)
	at org.xnio.ChannelListeners.invokeChannelListener(ChannelListeners.java:92)
	at org.xnio.ChannelListeners$10.handleEvent(ChannelListeners.java:291)
	at org.xnio.ChannelListeners$10.handleEvent(ChannelListeners.java:286)
	at org.xnio.ChannelListeners.invokeChannelListener(ChannelListeners.java:92)
	at org.xnio.nio.QueuedNioTcpServer2.acceptTask(QueuedNioTcpServer2.java:178)
	at org.xnio.nio.WorkerThread.safeRun(WorkerThread.java:612)
	at org.xnio.nio.WorkerThread.run(WorkerThread.java:479)

2022-12-28 03:57:21
[ERROR]-[Thread: XNIO-1 I/O-2]-[io.undertow.server.Connectors.executeRootHandler()]: UT005071: Undertow request failed HttpServerExchange{ CONNECT scottsenterprise.net:64142}
java.lang.IllegalArgumentException: UT000068: Servlet path match failed
	at io.undertow.servlet.handlers.ServletPathMatchesData.getServletHandlerByPath(ServletPathMatchesData.java:83)
	at io.undertow.servlet.handlers.ServletPathMatches.getServletHandlerByPath(ServletPathMatches.java:133)
	at io.undertow.servlet.handlers.ServletInitialHandler.handleRequest(ServletInitialHandler.java:147)
	at io.undertow.server.handlers.HttpContinueReadHandler.handleRequest(HttpContinueReadHandler.java:69)
	at io.undertow.server.handlers.PathHandler.handleRequest(PathHandler.java:104)
	at io.undertow.server.handlers.encoding.EncodingHandler.handleRequest(EncodingHandler.java:66)
	at io.undertow.server.handlers.SetHeaderHandler.handleRequest(SetHeaderHandler.java:90)
	at io.undertow.server.Connectors.executeRootHandler(Connectors.java:387)
	at io.undertow.server.protocol.http.HttpReadListener.handleEventWithNoRunningRequest(HttpReadListener.java:256)
	at io.undertow.server.protocol.http.HttpReadListener.handleEvent(HttpReadListener.java:136)
	at io.undertow.server.protocol.http.HttpOpenListener.handleEvent(HttpOpenListener.java:162)
	at io.undertow.server.protocol.http.HttpOpenListener.handleEvent(HttpOpenListener.java:100)
	at io.undertow.server.protocol.http.HttpOpenListener.handleEvent(HttpOpenListener.java:57)
	at org.xnio.ChannelListeners.invokeChannelListener(ChannelListeners.java:92)
	at org.xnio.ChannelListeners$10.handleEvent(ChannelListeners.java:291)
	at org.xnio.ChannelListeners$10.handleEvent(ChannelListeners.java:286)
	at org.xnio.ChannelListeners.invokeChannelListener(ChannelListeners.java:92)
	at org.xnio.nio.QueuedNioTcpServer2.acceptTask(QueuedNioTcpServer2.java:178)
	at org.xnio.nio.WorkerThread.safeRun(WorkerThread.java:612)
	at org.xnio.nio.WorkerThread.run(WorkerThread.java:479)
